Using pre-set license
Built from '2020.3/staging' branch; Version is '2020.3.32f1 (12f8b0834f07) revision 1243312'; Using compiler version '192528614'; Build Type 'Release'
OS: 'Windows 11  (10.0.22000) 64bit Core' Language: 'en' Physical Memory: 16162 MB
BatchMode: 1, IsHumanControllingUs: 0, StartBugReporterOnCrash: 0, Is64bit: 1, IsPro: 0

COMMAND LINE ARGUMENTS:
C:\Program Files\Unity\Hub\Editor\2020.3.32f1\Editor\Unity.exe
-adb2
-batchMode
-noUpm
-name
AssetImportWorker0
-projectPath
D:/WK/MixTheColors/MixTheColors
-logFile
Logs/AssetImportWorker0.log
-srvPort
54087
Successfully changed project path to: D:/WK/MixTheColors/MixTheColors
D:/WK/MixTheColors/MixTheColors
Using Asset Import Pipeline V2.
Refreshing native plugins compatible for Editor in 65.29 ms, found 2 plugins.
Preloading 0 native plugins for Editor in 0.00 ms.
Initialize engine version: 2020.3.32f1 (12f8b0834f07)
[Subsystems] Discovering subsystems at path C:/Program Files/Unity/Hub/Editor/2020.3.32f1/Editor/Data/Resources/UnitySubsystems
[Subsystems] Discovering subsystems at path D:/WK/MixTheColors/MixTheColors/Assets
GfxDevice: creating device client; threaded=0
Direct3D:
    Version:  Direct3D 11.0 [level 11.1]
    Renderer: NVIDIA GeForce GTX 1070 with Max-Q Design (ID=0x1ba1)
    Vendor:   
    VRAM:     8082 MB
    Driver:   30.0.14.9649
Initialize mono
Mono path[0] = 'C:/Program Files/Unity/Hub/Editor/2020.3.32f1/Editor/Data/Managed'
Mono path[1] = 'C:/Program Files/Unity/Hub/Editor/2020.3.32f1/Editor/Data/MonoBleedingEdge/lib/mono/unityjit'
Mono config path = 'C:/Program Files/Unity/Hub/Editor/2020.3.32f1/Editor/Data/MonoBleedingEdge/etc'
Using monoOptions --debugger-agent=transport=dt_socket,embedding=1,server=y,suspend=n,address=127.0.0.1:56828
Begin MonoManager ReloadAssembly
Registering precompiled unity dll's ...
Register platform support module: C:/Program Files/Unity/Hub/Editor/2020.3.32f1/Editor/Data/PlaybackEngines/WebGLSupport/UnityEditor.WebGL.Extensions.dll
Register platform support module: C:/Program Files/Unity/Hub/Editor/2020.3.32f1/Editor/Data/PlaybackEngines/WindowsStandaloneSupport/UnityEditor.WindowsStandalone.Extensions.dll
Registered in 0.003184 seconds.
Native extension for WindowsStandalone target not found
Native extension for WebGL target not found
Refreshing native plugins compatible for Editor in 62.79 ms, found 2 plugins.
Preloading 0 native plugins for Editor in 0.00 ms.
Mono: successfully reloaded assembly
- Completed reload, in  0.993 seconds
Domain Reload Profiling:
	ReloadAssembly (993ms)
		BeginReloadAssembly (101ms)
			ExecutionOrderSort (0ms)
			DisableScriptedObjects (0ms)
			BackupInstance (0ms)
			ReleaseScriptingObjects (0ms)
			CreateAndSetChildDomain (2ms)
		EndReloadAssembly (772ms)
			LoadAssemblies (98ms)
			RebuildTransferFunctionScriptingTraits (0ms)
			SetupTypeCache (254ms)
			ReleaseScriptCaches (0ms)
			RebuildScriptCaches (63ms)
			SetupLoadedEditorAssemblies (295ms)
				LogAssemblyErrors (0ms)
				InitializePlatformSupportModulesInManaged (10ms)
				SetLoadedEditorAssemblies (0ms)
				RefreshPlugins (63ms)
				BeforeProcessingInitializeOnLoad (26ms)
				ProcessInitializeOnLoadAttributes (149ms)
				ProcessInitializeOnLoadMethodAttributes (46ms)
				AfterProcessingInitializeOnLoad (0ms)
				EditorAssembliesLoaded (0ms)
			ExecutionOrderSort2 (0ms)
			AwakeInstancesAfterBackupRestoration (0ms)
Platform modules already initialized, skipping
Registering precompiled user dll's ...
Registered in 0.004349 seconds.
Begin MonoManager ReloadAssembly
Native extension for WindowsStandalone target not found
Native extension for WebGL target not found
Refreshing native plugins compatible for Editor in 0.54 ms, found 2 plugins.
Preloading 0 native plugins for Editor in 0.00 ms.
Mono: successfully reloaded assembly
- Completed reload, in  1.718 seconds
Domain Reload Profiling:
	ReloadAssembly (1720ms)
		BeginReloadAssembly (246ms)
			ExecutionOrderSort (0ms)
			DisableScriptedObjects (9ms)
			BackupInstance (0ms)
			ReleaseScriptingObjects (0ms)
			CreateAndSetChildDomain (29ms)
		EndReloadAssembly (1368ms)
			LoadAssemblies (146ms)
			RebuildTransferFunctionScriptingTraits (0ms)
			SetupTypeCache (445ms)
			ReleaseScriptCaches (0ms)
			RebuildScriptCaches (86ms)
			SetupLoadedEditorAssemblies (533ms)
				LogAssemblyErrors (0ms)
				InitializePlatformSupportModulesInManaged (10ms)
				SetLoadedEditorAssemblies (1ms)
				RefreshPlugins (1ms)
				BeforeProcessingInitializeOnLoad (135ms)
				ProcessInitializeOnLoadAttributes (362ms)
				ProcessInitializeOnLoadMethodAttributes (16ms)
				AfterProcessingInitializeOnLoad (8ms)
				EditorAssembliesLoaded (1ms)
			ExecutionOrderSort2 (0ms)
			AwakeInstancesAfterBackupRestoration (13ms)
Platform modules already initialized, skipping
========================================================================
Worker process is ready to serve import requests
Launched and connected shader compiler UnityShaderCompiler.exe after 0.11 seconds
Refreshing native plugins compatible for Editor in 0.57 ms, found 2 plugins.
Preloading 0 native plugins for Editor in 0.00 ms.
Unloading 1596 Unused Serialized files (Serialized files now loaded: 0)
System memory in use before: 74.8 MB.
System memory in use after: 74.8 MB.

Unloading 19 unused Assets to reduce memory usage. Loaded Objects now: 2038.
Total: 4.331400 ms (FindLiveObjects: 0.184300 ms CreateObjectMapping: 0.075300 ms MarkObjects: 3.974100 ms  DeleteObjects: 0.096300 ms)

AssetImportParameters requested are different than current active one (requested -> active):
  custom:framework-win-MediaFoundation: 216162199b28c13a410421893ffa2e32 -> 
  custom:video-decoder-ogg-theora: a1e56fd34408186e4bbccfd4996cb3dc -> 
  custom:container-muxer-webm: aa71ff27fc2769a1b78a27578f13a17b -> 
  custom:container-demuxer-webm: 4f35f7cbe854078d1ac9338744f61a02 -> 
  custom:container-demuxer-ogg: 62fdf1f143b41e24485cea50d1cbac27 -> 
  custom:video-encoder-webm-vp8: eb34c28f22e8b96e1ab97ce403110664 -> 
  custom:video-decoder-webm-vp8: 9c59270c3fd7afecdb556c50c9e8de78 -> 
  custom:audio-decoder-ogg-vorbis: bf7c407c2cedff20999df2af8eb42d56 -> 
  custom:audio-encoder-webm-vorbis: bf7c407c2cedff20999df2af8eb42d56 -> 
========================================================================
Received Import Request.
  path: Assets/Animation/AddToMixerAnim/SM_Prop_Blender_Lid_01.controller
  artifactKey: Guid(bf5f19649d05321408969fb9464266b4) Importer(815301076,1909f56bfc062723c751e8b465ee728b)
Start importing Assets/Animation/AddToMixerAnim/SM_Prop_Blender_Lid_01.controller using Guid(bf5f19649d05321408969fb9464266b4) Importer(815301076,1909f56bfc062723c751e8b465ee728b)  -> (artifact id: '75822dc235ce329d9937c500784b1042') in 0.057333 seconds 
========================================================================
Received Import Request.
  Time since last request: 15.318626 seconds.
  path: Assets/Animation/AddToMixerAnim/MixerCoverAnim
  artifactKey: Guid(2c01f816949c4984d92db9047f37aa57) Importer(815301076,1909f56bfc062723c751e8b465ee728b)
Start importing Assets/Animation/AddToMixerAnim/MixerCoverAnim using Guid(2c01f816949c4984d92db9047f37aa57) Importer(815301076,1909f56bfc062723c751e8b465ee728b)  -> (artifact id: 'fb6b1d372311bac581d9ad7605233667') in 0.009177 seconds 
========================================================================
Received Import Request.
  Time since last request: 20.807383 seconds.
  path: Assets/Animation/AddToMixerAnim/BlenderAnim
  artifactKey: Guid(d99b2c69b31a62c40a3ccc655588f2bb) Importer(815301076,1909f56bfc062723c751e8b465ee728b)
Start importing Assets/Animation/AddToMixerAnim/BlenderAnim using Guid(d99b2c69b31a62c40a3ccc655588f2bb) Importer(815301076,1909f56bfc062723c751e8b465ee728b)  -> (artifact id: '1d00690bc4f21d45002ecdb5643c1b93') in 0.013171 seconds 
========================================================================
Received Import Request.
  Time since last request: 7.912921 seconds.
  path: Assets/Animation/AddToMixerAnim/MixerCoverOpenAnimation.anim
  artifactKey: Guid(704db125c6cff904b8199e5c4bea82f1) Importer(815301076,1909f56bfc062723c751e8b465ee728b)
Start importing Assets/Animation/AddToMixerAnim/MixerCoverOpenAnimation.anim using Guid(704db125c6cff904b8199e5c4bea82f1) Importer(815301076,1909f56bfc062723c751e8b465ee728b)  -> (artifact id: '7bd4407ddfbc7b03d235e33f347b8429') in 0.014578 seconds 
========================================================================
Received Import Request.
  Time since last request: 5.956253 seconds.
  path: Assets/Animation/AddToMixerAnim/BlenderAnim.anim
  artifactKey: Guid(18f7c6905fe09ae4ca6edac48a24a867) Importer(815301076,1909f56bfc062723c751e8b465ee728b)
Start importing Assets/Animation/AddToMixerAnim/BlenderAnim.anim using Guid(18f7c6905fe09ae4ca6edac48a24a867) Importer(815301076,1909f56bfc062723c751e8b465ee728b)  -> (artifact id: 'ee2e4b8bdbed34afef91a2597fa14ff5') in 0.002596 seconds 
========================================================================
Received Import Request.
  Time since last request: 125.296638 seconds.
  path: Assets/Animation/AddToMixerAnim/BlenderAnim/BlenderDefaultAnim.anim
  artifactKey: Guid(77e40fb197bfbb943b139cd4902bc1b6) Importer(815301076,1909f56bfc062723c751e8b465ee728b)
Start importing Assets/Animation/AddToMixerAnim/BlenderAnim/BlenderDefaultAnim.anim using Guid(77e40fb197bfbb943b139cd4902bc1b6) Importer(815301076,1909f56bfc062723c751e8b465ee728b)  -> (artifact id: '3e25a057117c85d61fb3f0d68b91b869') in 0.007489 seconds 
========================================================================
Received Import Request.
  Time since last request: 1.586503 seconds.
  path: Assets/Animation/AddToMixerAnim/BlenderAnim/BlenderIngredientAddAnim.anim
  artifactKey: Guid(6d97074cd395a5140988c0d624cdc4c4) Importer(815301076,1909f56bfc062723c751e8b465ee728b)
Start importing Assets/Animation/AddToMixerAnim/BlenderAnim/BlenderIngredientAddAnim.anim using Guid(6d97074cd395a5140988c0d624cdc4c4) Importer(815301076,1909f56bfc062723c751e8b465ee728b)  -> (artifact id: '51f6ad514ca82746fba8944abb294891') in 0.007894 seconds 
========================================================================
Received Import Request.
  Time since last request: 359.325823 seconds.
  path: Assets/Scripts/MixerSystem/IngridientsAdding/IngridientAnimatorDisable.cs
  artifactKey: Guid(8b1e153d517b6ff4383d30cbb3e35581) Importer(815301076,1909f56bfc062723c751e8b465ee728b)
Start importing Assets/Scripts/MixerSystem/IngridientsAdding/IngridientAnimatorDisable.cs using Guid(8b1e153d517b6ff4383d30cbb3e35581) Importer(815301076,1909f56bfc062723c751e8b465ee728b)  -> (artifact id: '957959c1ece128176bfc58d89aa991a3') in 0.013406 seconds 
========================================================================
Received Import Request.
  Time since last request: 49.826555 seconds.
  path: Assets/Scripts/MixerSystem/IngridientsAdding/IngridientAnimatorDisable.cs
  artifactKey: Guid(8b1e153d517b6ff4383d30cbb3e35581) Importer(815301076,1909f56bfc062723c751e8b465ee728b)
Start importing Assets/Scripts/MixerSystem/IngridientsAdding/IngridientAnimatorDisable.cs using Guid(8b1e153d517b6ff4383d30cbb3e35581) Importer(815301076,1909f56bfc062723c751e8b465ee728b)  -> (artifact id: 'c4c16ea1c018277884e7ec8e96f97b84') in 0.002142 seconds 
========================================================================
Received Import Request.
  Time since last request: 17.864306 seconds.
  path: Assets/Scripts/MixerSystem/IngridientsAdding/IngridientAnimatorDisable.cs
  artifactKey: Guid(8b1e153d517b6ff4383d30cbb3e35581) Importer(815301076,1909f56bfc062723c751e8b465ee728b)
Start importing Assets/Scripts/MixerSystem/IngridientsAdding/IngridientAnimatorDisable.cs using Guid(8b1e153d517b6ff4383d30cbb3e35581) Importer(815301076,1909f56bfc062723c751e8b465ee728b)  -> (artifact id: 'b1d3e207d1ca4dd7854c5725c1ecf597') in 0.002232 seconds 
========================================================================
Received Import Request.
  Time since last request: 47.970153 seconds.
  path: Assets/Scripts/MixerSystem/IngridientsAdding/IngredientAnimatorDisable.cs
  artifactKey: Guid(8b1e153d517b6ff4383d30cbb3e35581) Importer(815301076,1909f56bfc062723c751e8b465ee728b)
Start importing Assets/Scripts/MixerSystem/IngridientsAdding/IngredientAnimatorDisable.cs using Guid(8b1e153d517b6ff4383d30cbb3e35581) Importer(815301076,1909f56bfc062723c751e8b465ee728b)  -> (artifact id: 'd3c32b2e0a374989accd6df7dd635a81') in 0.006605 seconds 
========================================================================
Received Prepare
Registering precompiled user dll's ...
Registered in 0.004124 seconds.
Begin MonoManager ReloadAssembly
Native extension for WindowsStandalone target not found
Native extension for WebGL target not found
Refreshing native plugins compatible for Editor in 0.59 ms, found 2 plugins.
Preloading 0 native plugins for Editor in 0.00 ms.
Mono: successfully reloaded assembly
- Completed reload, in  1.673 seconds
Domain Reload Profiling:
	ReloadAssembly (1674ms)
		BeginReloadAssembly (190ms)
			ExecutionOrderSort (0ms)
			DisableScriptedObjects (12ms)
			BackupInstance (0ms)
			ReleaseScriptingObjects (0ms)
			CreateAndSetChildDomain (51ms)
		EndReloadAssembly (1379ms)
			LoadAssemblies (159ms)
			RebuildTransferFunctionScriptingTraits (0ms)
			SetupTypeCache (487ms)
			ReleaseScriptCaches (1ms)
			RebuildScriptCaches (76ms)
			SetupLoadedEditorAssemblies (514ms)
				LogAssemblyErrors (0ms)
				InitializePlatformSupportModulesInManaged (10ms)
				SetLoadedEditorAssemblies (1ms)
				RefreshPlugins (1ms)
				BeforeProcessingInitializeOnLoad (130ms)
				ProcessInitializeOnLoadAttributes (349ms)
				ProcessInitializeOnLoadMethodAttributes (14ms)
				AfterProcessingInitializeOnLoad (8ms)
				EditorAssembliesLoaded (1ms)
			ExecutionOrderSort2 (0ms)
			AwakeInstancesAfterBackupRestoration (12ms)
Platform modules already initialized, skipping
Refreshing native plugins compatible for Editor in 0.56 ms, found 2 plugins.
Preloading 0 native plugins for Editor in 0.00 ms.
Unloading 1577 Unused Serialized files (Serialized files now loaded: 0)
System memory in use before: 73.3 MB.
System memory in use after: 73.4 MB.

Unloading 14 unused Assets to reduce memory usage. Loaded Objects now: 2041.
Total: 4.051300 ms (FindLiveObjects: 0.165900 ms CreateObjectMapping: 0.092000 ms MarkObjects: 3.756500 ms  DeleteObjects: 0.035900 ms)

AssetImportParameters requested are different than current active one (requested -> active):
  custom:framework-win-MediaFoundation: 216162199b28c13a410421893ffa2e32 -> 
  custom:video-decoder-ogg-theora: a1e56fd34408186e4bbccfd4996cb3dc -> 
  custom:container-muxer-webm: aa71ff27fc2769a1b78a27578f13a17b -> 
  custom:container-demuxer-webm: 4f35f7cbe854078d1ac9338744f61a02 -> 
  custom:container-demuxer-ogg: 62fdf1f143b41e24485cea50d1cbac27 -> 
  custom:video-encoder-webm-vp8: eb34c28f22e8b96e1ab97ce403110664 -> 
  custom:video-decoder-webm-vp8: 9c59270c3fd7afecdb556c50c9e8de78 -> 
  custom:audio-decoder-ogg-vorbis: bf7c407c2cedff20999df2af8eb42d56 -> 
  custom:audio-encoder-webm-vorbis: bf7c407c2cedff20999df2af8eb42d56 -> 
========================================================================
Received Import Request.
  Time since last request: 41.465164 seconds.
  path: Assets/Scripts/MixerSystem/IngridientsAdding/MixerIngridientManager.cs
  artifactKey: Guid(ab498cead62a03d4db8c3b40a830a346) Importer(815301076,1909f56bfc062723c751e8b465ee728b)
Start importing Assets/Scripts/MixerSystem/IngridientsAdding/MixerIngridientManager.cs using Guid(ab498cead62a03d4db8c3b40a830a346) Importer(815301076,1909f56bfc062723c751e8b465ee728b)  -> (artifact id: '1514a5b22e0d153b71732ead551da4b3') in 0.009920 seconds 
========================================================================
Received Import Request.
  Time since last request: 96.820177 seconds.
  path: Assets/Scripts/MixerSystem/IngridientsAdding/BlenderAnimationController.cs
  artifactKey: Guid(bcd8d8477ba18fc46be396168146ed5c) Importer(815301076,1909f56bfc062723c751e8b465ee728b)
Start importing Assets/Scripts/MixerSystem/IngridientsAdding/BlenderAnimationController.cs using Guid(bcd8d8477ba18fc46be396168146ed5c) Importer(815301076,1909f56bfc062723c751e8b465ee728b)  -> (artifact id: '25afca91b227fef87635f719008a080d') in 0.008265 seconds 
========================================================================
Received Prepare
Registering precompiled user dll's ...
Registered in 0.004189 seconds.
Begin MonoManager ReloadAssembly
Native extension for WindowsStandalone target not found
Native extension for WebGL target not found
Refreshing native plugins compatible for Editor in 0.59 ms, found 2 plugins.
Preloading 0 native plugins for Editor in 0.00 ms.
Mono: successfully reloaded assembly
- Completed reload, in  1.763 seconds
Domain Reload Profiling:
	ReloadAssembly (1764ms)
		BeginReloadAssembly (203ms)
			ExecutionOrderSort (0ms)
			DisableScriptedObjects (10ms)
			BackupInstance (0ms)
			ReleaseScriptingObjects (0ms)
			CreateAndSetChildDomain (52ms)
		EndReloadAssembly (1439ms)
			LoadAssemblies (183ms)
			RebuildTransferFunctionScriptingTraits (0ms)
			SetupTypeCache (466ms)
			ReleaseScriptCaches (1ms)
			RebuildScriptCaches (75ms)
			SetupLoadedEditorAssemblies (577ms)
				LogAssemblyErrors (0ms)
				InitializePlatformSupportModulesInManaged (10ms)
				SetLoadedEditorAssemblies (2ms)
				RefreshPlugins (1ms)
				BeforeProcessingInitializeOnLoad (147ms)
				ProcessInitializeOnLoadAttributes (394ms)
				ProcessInitializeOnLoadMethodAttributes (14ms)
				AfterProcessingInitializeOnLoad (10ms)
				EditorAssembliesLoaded (1ms)
			ExecutionOrderSort2 (0ms)
			AwakeInstancesAfterBackupRestoration (12ms)
Platform modules already initialized, skipping
Refreshing native plugins compatible for Editor in 0.59 ms, found 2 plugins.
Preloading 0 native plugins for Editor in 0.00 ms.
Unloading 1578 Unused Serialized files (Serialized files now loaded: 0)
System memory in use before: 73.4 MB.
System memory in use after: 73.5 MB.

Unloading 14 unused Assets to reduce memory usage. Loaded Objects now: 2045.
Total: 4.097500 ms (FindLiveObjects: 0.165700 ms CreateObjectMapping: 0.084100 ms MarkObjects: 3.815400 ms  DeleteObjects: 0.030500 ms)

AssetImportParameters requested are different than current active one (requested -> active):
  custom:framework-win-MediaFoundation: 216162199b28c13a410421893ffa2e32 -> 
  custom:video-decoder-ogg-theora: a1e56fd34408186e4bbccfd4996cb3dc -> 
  custom:container-muxer-webm: aa71ff27fc2769a1b78a27578f13a17b -> 
  custom:container-demuxer-webm: 4f35f7cbe854078d1ac9338744f61a02 -> 
  custom:container-demuxer-ogg: 62fdf1f143b41e24485cea50d1cbac27 -> 
  custom:video-encoder-webm-vp8: eb34c28f22e8b96e1ab97ce403110664 -> 
  custom:video-decoder-webm-vp8: 9c59270c3fd7afecdb556c50c9e8de78 -> 
  custom:audio-decoder-ogg-vorbis: bf7c407c2cedff20999df2af8eb42d56 -> 
  custom:audio-encoder-webm-vorbis: bf7c407c2cedff20999df2af8eb42d56 -> 
========================================================================
Received Import Request.
  Time since last request: 31.433043 seconds.
  path: Assets/Scripts/MixerSystem/IngridientsAdding/BlenderAnimationController.cs
  artifactKey: Guid(bcd8d8477ba18fc46be396168146ed5c) Importer(815301076,1909f56bfc062723c751e8b465ee728b)
Start importing Assets/Scripts/MixerSystem/IngridientsAdding/BlenderAnimationController.cs using Guid(bcd8d8477ba18fc46be396168146ed5c) Importer(815301076,1909f56bfc062723c751e8b465ee728b)  -> (artifact id: '9867a8b88aaef8b3e8e15452065eaf95') in 0.005657 seconds 
========================================================================
Received Import Request.
  Time since last request: 76.073467 seconds.
  path: Assets/Scripts/MixerSystem/IngridientsAdding/BlenderAnimationController.cs
  artifactKey: Guid(bcd8d8477ba18fc46be396168146ed5c) Importer(815301076,1909f56bfc062723c751e8b465ee728b)
Start importing Assets/Scripts/MixerSystem/IngridientsAdding/BlenderAnimationController.cs using Guid(bcd8d8477ba18fc46be396168146ed5c) Importer(815301076,1909f56bfc062723c751e8b465ee728b)  -> (artifact id: 'b66f25e4c733cd75849ffce2f4a33507') in 0.002518 seconds 
========================================================================
Received Import Request.
  Time since last request: 108.777850 seconds.
  path: Assets/Scripts/MixerSystem/IngridientsAdding/BlenderAnimationController.cs
  artifactKey: Guid(bcd8d8477ba18fc46be396168146ed5c) Importer(815301076,1909f56bfc062723c751e8b465ee728b)
Start importing Assets/Scripts/MixerSystem/IngridientsAdding/BlenderAnimationController.cs using Guid(bcd8d8477ba18fc46be396168146ed5c) Importer(815301076,1909f56bfc062723c751e8b465ee728b)  -> (artifact id: '4b12d7fd1c380fa865d0f1fb02d42847') in 0.002301 seconds 
========================================================================
Received Import Request.
  Time since last request: 20.769551 seconds.
  path: Assets/Scripts/MixerSystem/IngridientsAdding/BlenderAnimationController.cs
  artifactKey: Guid(bcd8d8477ba18fc46be396168146ed5c) Importer(815301076,1909f56bfc062723c751e8b465ee728b)
Start importing Assets/Scripts/MixerSystem/IngridientsAdding/BlenderAnimationController.cs using Guid(bcd8d8477ba18fc46be396168146ed5c) Importer(815301076,1909f56bfc062723c751e8b465ee728b)  -> (artifact id: 'a9efc7f96ce358b510732ee8ec286503') in 0.002366 seconds 
========================================================================
Received Import Request.
  Time since last request: 6.993467 seconds.
  path: Assets/Scripts/MixerSystem/IngridientsAdding/BlenderAnimationController.cs
  artifactKey: Guid(bcd8d8477ba18fc46be396168146ed5c) Importer(815301076,1909f56bfc062723c751e8b465ee728b)
Start importing Assets/Scripts/MixerSystem/IngridientsAdding/BlenderAnimationController.cs using Guid(bcd8d8477ba18fc46be396168146ed5c) Importer(815301076,1909f56bfc062723c751e8b465ee728b)  -> (artifact id: '456676832c2c6a59738e48df97a1573e') in 0.002230 seconds 
========================================================================
Received Prepare
Registering precompiled user dll's ...
Registered in 0.004039 seconds.
Begin MonoManager ReloadAssembly
Native extension for WindowsStandalone target not found
Native extension for WebGL target not found
Refreshing native plugins compatible for Editor in 0.57 ms, found 2 plugins.
Preloading 0 native plugins for Editor in 0.00 ms.
Mono: successfully reloaded assembly
- Completed reload, in  1.618 seconds
Domain Reload Profiling:
	ReloadAssembly (1619ms)
		BeginReloadAssembly (170ms)
			ExecutionOrderSort (0ms)
			DisableScriptedObjects (8ms)
			BackupInstance (0ms)
			ReleaseScriptingObjects (0ms)
			CreateAndSetChildDomain (48ms)
		EndReloadAssembly (1345ms)
			LoadAssemblies (148ms)
			RebuildTransferFunctionScriptingTraits (0ms)
			SetupTypeCache (453ms)
			ReleaseScriptCaches (1ms)
			RebuildScriptCaches (79ms)
			SetupLoadedEditorAssemblies (509ms)
				LogAssemblyErrors (0ms)
				InitializePlatformSupportModulesInManaged (10ms)
				SetLoadedEditorAssemblies (2ms)
				RefreshPlugins (1ms)
				BeforeProcessingInitializeOnLoad (129ms)
				ProcessInitializeOnLoadAttributes (344ms)
				ProcessInitializeOnLoadMethodAttributes (14ms)
				AfterProcessingInitializeOnLoad (8ms)
				EditorAssembliesLoaded (1ms)
			ExecutionOrderSort2 (0ms)
			AwakeInstancesAfterBackupRestoration (12ms)
Platform modules already initialized, skipping
Refreshing native plugins compatible for Editor in 0.55 ms, found 2 plugins.
Preloading 0 native plugins for Editor in 0.00 ms.
Unloading 1578 Unused Serialized files (Serialized files now loaded: 0)
System memory in use before: 73.4 MB.
System memory in use after: 73.5 MB.

Unloading 15 unused Assets to reduce memory usage. Loaded Objects now: 2048.
Total: 4.076500 ms (FindLiveObjects: 0.161100 ms CreateObjectMapping: 0.070700 ms MarkObjects: 3.813100 ms  DeleteObjects: 0.030600 ms)

AssetImportParameters requested are different than current active one (requested -> active):
  custom:framework-win-MediaFoundation: 216162199b28c13a410421893ffa2e32 -> 
  custom:video-decoder-ogg-theora: a1e56fd34408186e4bbccfd4996cb3dc -> 
  custom:container-muxer-webm: aa71ff27fc2769a1b78a27578f13a17b -> 
  custom:container-demuxer-webm: 4f35f7cbe854078d1ac9338744f61a02 -> 
  custom:container-demuxer-ogg: 62fdf1f143b41e24485cea50d1cbac27 -> 
  custom:video-encoder-webm-vp8: eb34c28f22e8b96e1ab97ce403110664 -> 
  custom:video-decoder-webm-vp8: 9c59270c3fd7afecdb556c50c9e8de78 -> 
  custom:audio-decoder-ogg-vorbis: bf7c407c2cedff20999df2af8eb42d56 -> 
  custom:audio-encoder-webm-vorbis: bf7c407c2cedff20999df2af8eb42d56 -> 
========================================================================
Received Import Request.
  Time since last request: 32.918892 seconds.
  path: Assets/Animation/AddToMixerAnim/BlenderAnim/Blender.controller
  artifactKey: Guid(c4b92b554afc04148b7097bfdbf0f1e7) Importer(815301076,1909f56bfc062723c751e8b465ee728b)
Start importing Assets/Animation/AddToMixerAnim/BlenderAnim/Blender.controller using Guid(c4b92b554afc04148b7097bfdbf0f1e7) Importer(815301076,1909f56bfc062723c751e8b465ee728b)  -> (artifact id: '681ee8c7fa8f4e299e632d5a5fa63710') in 0.035678 seconds 
========================================================================
Received Import Request.
  Time since last request: 128.668586 seconds.
  path: Assets/Animation/AddToMixerAnim/BlenderAnim/Blender.controller
  artifactKey: Guid(c4b92b554afc04148b7097bfdbf0f1e7) Importer(815301076,1909f56bfc062723c751e8b465ee728b)
Start importing Assets/Animation/AddToMixerAnim/BlenderAnim/Blender.controller using Guid(c4b92b554afc04148b7097bfdbf0f1e7) Importer(815301076,1909f56bfc062723c751e8b465ee728b)  -> (artifact id: '2b2c429df8f352f019d62782256a0b64') in 0.004886 seconds 
========================================================================
Received Prepare
Registering precompiled user dll's ...
Registered in 0.004298 seconds.
Begin MonoManager ReloadAssembly
Native extension for WindowsStandalone target not found
Native extension for WebGL target not found
Refreshing native plugins compatible for Editor in 0.55 ms, found 2 plugins.
Preloading 0 native plugins for Editor in 0.00 ms.
Mono: successfully reloaded assembly
- Completed reload, in  1.711 seconds
Domain Reload Profiling:
	ReloadAssembly (1712ms)
		BeginReloadAssembly (174ms)
			ExecutionOrderSort (0ms)
			DisableScriptedObjects (8ms)
			BackupInstance (0ms)
			ReleaseScriptingObjects (0ms)
			CreateAndSetChildDomain (49ms)
		EndReloadAssembly (1432ms)
			LoadAssemblies (156ms)
			RebuildTransferFunctionScriptingTraits (0ms)
			SetupTypeCache (449ms)
			ReleaseScriptCaches (1ms)
			RebuildScriptCaches (99ms)
			SetupLoadedEditorAssemblies (568ms)
				LogAssemblyErrors (0ms)
				InitializePlatformSupportModulesInManaged (10ms)
				SetLoadedEditorAssemblies (1ms)
				RefreshPlugins (1ms)
				BeforeProcessingInitializeOnLoad (133ms)
				ProcessInitializeOnLoadAttributes (399ms)
				ProcessInitializeOnLoadMethodAttributes (15ms)
				AfterProcessingInitializeOnLoad (9ms)
				EditorAssembliesLoaded (1ms)
			ExecutionOrderSort2 (0ms)
			AwakeInstancesAfterBackupRestoration (12ms)
Platform modules already initialized, skipping
Refreshing native plugins compatible for Editor in 0.70 ms, found 2 plugins.
Preloading 0 native plugins for Editor in 0.00 ms.
Unloading 1578 Unused Serialized files (Serialized files now loaded: 0)
System memory in use before: 73.4 MB.
System memory in use after: 73.5 MB.

Unloading 14 unused Assets to reduce memory usage. Loaded Objects now: 2051.
Total: 4.564000 ms (FindLiveObjects: 0.174400 ms CreateObjectMapping: 0.074200 ms MarkObjects: 4.281000 ms  DeleteObjects: 0.033000 ms)

AssetImportParameters requested are different than current active one (requested -> active):
  custom:framework-win-MediaFoundation: 216162199b28c13a410421893ffa2e32 -> 
  custom:video-decoder-ogg-theora: a1e56fd34408186e4bbccfd4996cb3dc -> 
  custom:container-muxer-webm: aa71ff27fc2769a1b78a27578f13a17b -> 
  custom:container-demuxer-webm: 4f35f7cbe854078d1ac9338744f61a02 -> 
  custom:container-demuxer-ogg: 62fdf1f143b41e24485cea50d1cbac27 -> 
  custom:video-encoder-webm-vp8: eb34c28f22e8b96e1ab97ce403110664 -> 
  custom:video-decoder-webm-vp8: 9c59270c3fd7afecdb556c50c9e8de78 -> 
  custom:audio-decoder-ogg-vorbis: bf7c407c2cedff20999df2af8eb42d56 -> 
  custom:audio-encoder-webm-vorbis: bf7c407c2cedff20999df2af8eb42d56 -> 
========================================================================
Received Prepare
Registering precompiled user dll's ...
Registered in 0.005975 seconds.
Begin MonoManager ReloadAssembly
Native extension for WindowsStandalone target not found
Native extension for WebGL target not found
Refreshing native plugins compatible for Editor in 0.54 ms, found 2 plugins.
Preloading 0 native plugins for Editor in 0.00 ms.
Mono: successfully reloaded assembly
- Completed reload, in  1.817 seconds
Domain Reload Profiling:
	ReloadAssembly (1818ms)
		BeginReloadAssembly (168ms)
			ExecutionOrderSort (0ms)
			DisableScriptedObjects (8ms)
			BackupInstance (0ms)
			ReleaseScriptingObjects (0ms)
			CreateAndSetChildDomain (48ms)
		EndReloadAssembly (1536ms)
			LoadAssemblies (173ms)
			RebuildTransferFunctionScriptingTraits (0ms)
			SetupTypeCache (558ms)
			ReleaseScriptCaches (2ms)
			RebuildScriptCaches (95ms)
			SetupLoadedEditorAssemblies (517ms)
				LogAssemblyErrors (0ms)
				InitializePlatformSupportModulesInManaged (10ms)
				SetLoadedEditorAssemblies (2ms)
				RefreshPlugins (1ms)
				BeforeProcessingInitializeOnLoad (130ms)
				ProcessInitializeOnLoadAttributes (346ms)
				ProcessInitializeOnLoadMethodAttributes (17ms)
				AfterProcessingInitializeOnLoad (10ms)
				EditorAssembliesLoaded (1ms)
			ExecutionOrderSort2 (0ms)
			AwakeInstancesAfterBackupRestoration (17ms)
Platform modules already initialized, skipping
Refreshing native plugins compatible for Editor in 0.94 ms, found 2 plugins.
Preloading 0 native plugins for Editor in 0.00 ms.
Unloading 1578 Unused Serialized files (Serialized files now loaded: 0)
System memory in use before: 73.4 MB.
System memory in use after: 73.5 MB.

Unloading 14 unused Assets to reduce memory usage. Loaded Objects now: 2054.
Total: 6.726800 ms (FindLiveObjects: 0.235000 ms CreateObjectMapping: 0.117100 ms MarkObjects: 6.330100 ms  DeleteObjects: 0.043000 ms)

AssetImportParameters requested are different than current active one (requested -> active):
  custom:framework-win-MediaFoundation: 216162199b28c13a410421893ffa2e32 -> 
  custom:video-decoder-ogg-theora: a1e56fd34408186e4bbccfd4996cb3dc -> 
  custom:container-muxer-webm: aa71ff27fc2769a1b78a27578f13a17b -> 
  custom:container-demuxer-webm: 4f35f7cbe854078d1ac9338744f61a02 -> 
  custom:container-demuxer-ogg: 62fdf1f143b41e24485cea50d1cbac27 -> 
  custom:video-encoder-webm-vp8: eb34c28f22e8b96e1ab97ce403110664 -> 
  custom:video-decoder-webm-vp8: 9c59270c3fd7afecdb556c50c9e8de78 -> 
  custom:audio-decoder-ogg-vorbis: bf7c407c2cedff20999df2af8eb42d56 -> 
  custom:audio-encoder-webm-vorbis: bf7c407c2cedff20999df2af8eb42d56 -> 
========================================================================
Received Prepare
Registering precompiled user dll's ...
Registered in 0.005704 seconds.
Begin MonoManager ReloadAssembly
Native extension for WindowsStandalone target not found
Native extension for WebGL target not found
Refreshing native plugins compatible for Editor in 0.58 ms, found 2 plugins.
Preloading 0 native plugins for Editor in 0.00 ms.
Mono: successfully reloaded assembly
- Completed reload, in  1.610 seconds
Domain Reload Profiling:
	ReloadAssembly (1610ms)
		BeginReloadAssembly (169ms)
			ExecutionOrderSort (0ms)
			DisableScriptedObjects (13ms)
			BackupInstance (0ms)
			ReleaseScriptingObjects (0ms)
			CreateAndSetChildDomain (46ms)
		EndReloadAssembly (1339ms)
			LoadAssemblies (145ms)
			RebuildTransferFunctionScriptingTraits (0ms)
			SetupTypeCache (460ms)
			ReleaseScriptCaches (1ms)
			RebuildScriptCaches (76ms)
			SetupLoadedEditorAssemblies (501ms)
				LogAssemblyErrors (0ms)
				InitializePlatformSupportModulesInManaged (10ms)
				SetLoadedEditorAssemblies (2ms)
				RefreshPlugins (1ms)
				BeforeProcessingInitializeOnLoad (131ms)
				ProcessInitializeOnLoadAttributes (335ms)
				ProcessInitializeOnLoadMethodAttributes (14ms)
				AfterProcessingInitializeOnLoad (9ms)
				EditorAssembliesLoaded (1ms)
			ExecutionOrderSort2 (0ms)
			AwakeInstancesAfterBackupRestoration (12ms)
Platform modules already initialized, skipping
Refreshing native plugins compatible for Editor in 0.79 ms, found 2 plugins.
Preloading 0 native plugins for Editor in 0.00 ms.
Unloading 1578 Unused Serialized files (Serialized files now loaded: 0)
System memory in use before: 73.4 MB.
System memory in use after: 73.5 MB.

Unloading 14 unused Assets to reduce memory usage. Loaded Objects now: 2057.
Total: 4.454100 ms (FindLiveObjects: 0.179100 ms CreateObjectMapping: 0.073000 ms MarkObjects: 4.172300 ms  DeleteObjects: 0.028700 ms)

AssetImportParameters requested are different than current active one (requested -> active):
  custom:framework-win-MediaFoundation: 216162199b28c13a410421893ffa2e32 -> 
  custom:video-decoder-ogg-theora: a1e56fd34408186e4bbccfd4996cb3dc -> 
  custom:container-muxer-webm: aa71ff27fc2769a1b78a27578f13a17b -> 
  custom:container-demuxer-webm: 4f35f7cbe854078d1ac9338744f61a02 -> 
  custom:container-demuxer-ogg: 62fdf1f143b41e24485cea50d1cbac27 -> 
  custom:video-encoder-webm-vp8: eb34c28f22e8b96e1ab97ce403110664 -> 
  custom:video-decoder-webm-vp8: 9c59270c3fd7afecdb556c50c9e8de78 -> 
  custom:audio-decoder-ogg-vorbis: bf7c407c2cedff20999df2af8eb42d56 -> 
  custom:audio-encoder-webm-vorbis: bf7c407c2cedff20999df2af8eb42d56 -> 
========================================================================
Received Import Request.
  Time since last request: 139.808782 seconds.
  path: Assets/Animation/AddToMixerAnim/BlenderAnim/BlenderIngredientAddAnim.anim
  artifactKey: Guid(6d97074cd395a5140988c0d624cdc4c4) Importer(815301076,1909f56bfc062723c751e8b465ee728b)
Start importing Assets/Animation/AddToMixerAnim/BlenderAnim/BlenderIngredientAddAnim.anim using Guid(6d97074cd395a5140988c0d624cdc4c4) Importer(815301076,1909f56bfc062723c751e8b465ee728b)  -> (artifact id: '909fb186ca7f235a8baf49bac0aaf325') in 0.024605 seconds 
========================================================================
Received Import Request.
  Time since last request: 1.681537 seconds.
  path: Assets/Animation/AddToMixerAnim/BlenderAnim/BlenderMixingAnim.anim
  artifactKey: Guid(a191ed7e9f5c6c448b9c1fb480bb480d) Importer(815301076,1909f56bfc062723c751e8b465ee728b)
Start importing Assets/Animation/AddToMixerAnim/BlenderAnim/BlenderMixingAnim.anim using Guid(a191ed7e9f5c6c448b9c1fb480bb480d) Importer(815301076,1909f56bfc062723c751e8b465ee728b)  -> (artifact id: 'd55153a1530ccac22d4c66ba566d2a78') in 0.007717 seconds 
========================================================================
Received Prepare
Registering precompiled user dll's ...
Registered in 0.006411 seconds.
Begin MonoManager ReloadAssembly
Native extension for WindowsStandalone target not found
Native extension for WebGL target not found
Refreshing native plugins compatible for Editor in 0.58 ms, found 2 plugins.
Preloading 0 native plugins for Editor in 0.00 ms.
Mono: successfully reloaded assembly
- Completed reload, in  1.580 seconds
Domain Reload Profiling:
	ReloadAssembly (1580ms)
		BeginReloadAssembly (164ms)
			ExecutionOrderSort (0ms)
			DisableScriptedObjects (8ms)
			BackupInstance (0ms)
			ReleaseScriptingObjects (0ms)
			CreateAndSetChildDomain (47ms)
		EndReloadAssembly (1319ms)
			LoadAssemblies (147ms)
			RebuildTransferFunctionScriptingTraits (0ms)
			SetupTypeCache (441ms)
			ReleaseScriptCaches (1ms)
			RebuildScriptCaches (78ms)
			SetupLoadedEditorAssemblies (498ms)
				LogAssemblyErrors (0ms)
				InitializePlatformSupportModulesInManaged (10ms)
				SetLoadedEditorAssemblies (1ms)
				RefreshPlugins (1ms)
				BeforeProcessingInitializeOnLoad (126ms)
				ProcessInitializeOnLoadAttributes (337ms)
				ProcessInitializeOnLoadMethodAttributes (14ms)
				AfterProcessingInitializeOnLoad (8ms)
				EditorAssembliesLoaded (0ms)
			ExecutionOrderSort2 (0ms)
			AwakeInstancesAfterBackupRestoration (11ms)
Platform modules already initialized, skipping
Refreshing native plugins compatible for Editor in 0.55 ms, found 2 plugins.
Preloading 0 native plugins for Editor in 0.00 ms.
Unloading 1578 Unused Serialized files (Serialized files now loaded: 0)
System memory in use before: 73.4 MB.
System memory in use after: 73.5 MB.

Unloading 14 unused Assets to reduce memory usage. Loaded Objects now: 2060.
Total: 4.099000 ms (FindLiveObjects: 0.182400 ms CreateObjectMapping: 0.074800 ms MarkObjects: 3.813000 ms  DeleteObjects: 0.027700 ms)

AssetImportParameters requested are different than current active one (requested -> active):
  custom:framework-win-MediaFoundation: 216162199b28c13a410421893ffa2e32 -> 
  custom:video-decoder-ogg-theora: a1e56fd34408186e4bbccfd4996cb3dc -> 
  custom:container-muxer-webm: aa71ff27fc2769a1b78a27578f13a17b -> 
  custom:container-demuxer-webm: 4f35f7cbe854078d1ac9338744f61a02 -> 
  custom:container-demuxer-ogg: 62fdf1f143b41e24485cea50d1cbac27 -> 
  custom:video-encoder-webm-vp8: eb34c28f22e8b96e1ab97ce403110664 -> 
  custom:video-decoder-webm-vp8: 9c59270c3fd7afecdb556c50c9e8de78 -> 
  custom:audio-decoder-ogg-vorbis: bf7c407c2cedff20999df2af8eb42d56 -> 
  custom:audio-encoder-webm-vorbis: bf7c407c2cedff20999df2af8eb42d56 -> 
========================================================================
Received Prepare
Registering precompiled user dll's ...
Registered in 0.004121 seconds.
Begin MonoManager ReloadAssembly
Native extension for WindowsStandalone target not found
Native extension for WebGL target not found
Refreshing native plugins compatible for Editor in 0.57 ms, found 2 plugins.
Preloading 0 native plugins for Editor in 0.00 ms.
Mono: successfully reloaded assembly
- Completed reload, in  1.560 seconds
Domain Reload Profiling:
	ReloadAssembly (1561ms)
		BeginReloadAssembly (165ms)
			ExecutionOrderSort (0ms)
			DisableScriptedObjects (8ms)
			BackupInstance (0ms)
			ReleaseScriptingObjects (0ms)
			CreateAndSetChildDomain (47ms)
		EndReloadAssembly (1296ms)
			LoadAssemblies (147ms)
			RebuildTransferFunctionScriptingTraits (0ms)
			SetupTypeCache (430ms)
			ReleaseScriptCaches (1ms)
			RebuildScriptCaches (75ms)
			SetupLoadedEditorAssemblies (494ms)
				LogAssemblyErrors (0ms)
				InitializePlatformSupportModulesInManaged (10ms)
				SetLoadedEditorAssemblies (2ms)
				RefreshPlugins (1ms)
				BeforeProcessingInitializeOnLoad (124ms)
				ProcessInitializeOnLoadAttributes (335ms)
				ProcessInitializeOnLoadMethodAttributes (14ms)
				AfterProcessingInitializeOnLoad (8ms)
				EditorAssembliesLoaded (0ms)
			ExecutionOrderSort2 (0ms)
			AwakeInstancesAfterBackupRestoration (12ms)
Platform modules already initialized, skipping
Refreshing native plugins compatible for Editor in 0.54 ms, found 2 plugins.
Preloading 0 native plugins for Editor in 0.00 ms.
Unloading 1578 Unused Serialized files (Serialized files now loaded: 0)
System memory in use before: 73.4 MB.
System memory in use after: 73.5 MB.

Unloading 14 unused Assets to reduce memory usage. Loaded Objects now: 2063.
Total: 4.184000 ms (FindLiveObjects: 0.178300 ms CreateObjectMapping: 0.075700 ms MarkObjects: 3.900900 ms  DeleteObjects: 0.028000 ms)

AssetImportParameters requested are different than current active one (requested -> active):
  custom:framework-win-MediaFoundation: 216162199b28c13a410421893ffa2e32 -> 
  custom:video-decoder-ogg-theora: a1e56fd34408186e4bbccfd4996cb3dc -> 
  custom:container-muxer-webm: aa71ff27fc2769a1b78a27578f13a17b -> 
  custom:container-demuxer-webm: 4f35f7cbe854078d1ac9338744f61a02 -> 
  custom:container-demuxer-ogg: 62fdf1f143b41e24485cea50d1cbac27 -> 
  custom:video-encoder-webm-vp8: eb34c28f22e8b96e1ab97ce403110664 -> 
  custom:video-decoder-webm-vp8: 9c59270c3fd7afecdb556c50c9e8de78 -> 
  custom:audio-decoder-ogg-vorbis: bf7c407c2cedff20999df2af8eb42d56 -> 
  custom:audio-encoder-webm-vorbis: bf7c407c2cedff20999df2af8eb42d56 -> 
========================================================================
Received Prepare
Registering precompiled user dll's ...
Registered in 0.004272 seconds.
Begin MonoManager ReloadAssembly
Native extension for WindowsStandalone target not found
Native extension for WebGL target not found
Refreshing native plugins compatible for Editor in 0.57 ms, found 2 plugins.
Preloading 0 native plugins for Editor in 0.00 ms.
Mono: successfully reloaded assembly
- Completed reload, in  1.584 seconds
Domain Reload Profiling:
	ReloadAssembly (1584ms)
		BeginReloadAssembly (174ms)
			ExecutionOrderSort (0ms)
			DisableScriptedObjects (8ms)
			BackupInstance (0ms)
			ReleaseScriptingObjects (0ms)
			CreateAndSetChildDomain (46ms)
		EndReloadAssembly (1312ms)
			LoadAssemblies (153ms)
			RebuildTransferFunctionScriptingTraits (0ms)
			SetupTypeCache (422ms)
			ReleaseScriptCaches (1ms)
			RebuildScriptCaches (75ms)
			SetupLoadedEditorAssemblies (508ms)
				LogAssemblyErrors (0ms)
				InitializePlatformSupportModulesInManaged (10ms)
				SetLoadedEditorAssemblies (2ms)
				RefreshPlugins (1ms)
				BeforeProcessingInitializeOnLoad (128ms)
				ProcessInitializeOnLoadAttributes (339ms)
				ProcessInitializeOnLoadMethodAttributes (17ms)
				AfterProcessingInitializeOnLoad (10ms)
				EditorAssembliesLoaded (1ms)
			ExecutionOrderSort2 (0ms)
			AwakeInstancesAfterBackupRestoration (12ms)
Platform modules already initialized, skipping
Refreshing native plugins compatible for Editor in 0.60 ms, found 2 plugins.
Preloading 0 native plugins for Editor in 0.00 ms.
Unloading 1578 Unused Serialized files (Serialized files now loaded: 0)
System memory in use before: 73.4 MB.
System memory in use after: 73.6 MB.

Unloading 14 unused Assets to reduce memory usage. Loaded Objects now: 2066.
Total: 4.145300 ms (FindLiveObjects: 0.184100 ms CreateObjectMapping: 0.074800 ms MarkObjects: 3.856200 ms  DeleteObjects: 0.029100 ms)

AssetImportParameters requested are different than current active one (requested -> active):
  custom:framework-win-MediaFoundation: 216162199b28c13a410421893ffa2e32 -> 
  custom:video-decoder-ogg-theora: a1e56fd34408186e4bbccfd4996cb3dc -> 
  custom:container-muxer-webm: aa71ff27fc2769a1b78a27578f13a17b -> 
  custom:container-demuxer-webm: 4f35f7cbe854078d1ac9338744f61a02 -> 
  custom:container-demuxer-ogg: 62fdf1f143b41e24485cea50d1cbac27 -> 
  custom:video-encoder-webm-vp8: eb34c28f22e8b96e1ab97ce403110664 -> 
  custom:video-decoder-webm-vp8: 9c59270c3fd7afecdb556c50c9e8de78 -> 
  custom:audio-decoder-ogg-vorbis: bf7c407c2cedff20999df2af8eb42d56 -> 
  custom:audio-encoder-webm-vorbis: bf7c407c2cedff20999df2af8eb42d56 -> 
========================================================================
Received Prepare
Registering precompiled user dll's ...
Registered in 0.004124 seconds.
Begin MonoManager ReloadAssembly
Native extension for WindowsStandalone target not found
Native extension for WebGL target not found
Refreshing native plugins compatible for Editor in 0.55 ms, found 2 plugins.
Preloading 0 native plugins for Editor in 0.00 ms.
Mono: successfully reloaded assembly
- Completed reload, in  1.741 seconds
Domain Reload Profiling:
	ReloadAssembly (1742ms)
		BeginReloadAssembly (177ms)
			ExecutionOrderSort (0ms)
			DisableScriptedObjects (8ms)
			BackupInstance (0ms)
			ReleaseScriptingObjects (0ms)
			CreateAndSetChildDomain (46ms)
		EndReloadAssembly (1450ms)
			LoadAssemblies (162ms)
			RebuildTransferFunctionScriptingTraits (0ms)
			SetupTypeCache (461ms)
			ReleaseScriptCaches (2ms)
			RebuildScriptCaches (111ms)
			SetupLoadedEditorAssemblies (514ms)
				LogAssemblyErrors (0ms)
				InitializePlatformSupportModulesInManaged (10ms)
				SetLoadedEditorAssemblies (1ms)
				RefreshPlugins (1ms)
				BeforeProcessingInitializeOnLoad (132ms)
				ProcessInitializeOnLoadAttributes (347ms)
				ProcessInitializeOnLoadMethodAttributes (15ms)
				AfterProcessingInitializeOnLoad (9ms)
				EditorAssembliesLoaded (1ms)
			ExecutionOrderSort2 (0ms)
			AwakeInstancesAfterBackupRestoration (12ms)
Platform modules already initialized, skipping
Refreshing native plugins compatible for Editor in 0.62 ms, found 2 plugins.
Preloading 0 native plugins for Editor in 0.00 ms.
Unloading 1578 Unused Serialized files (Serialized files now loaded: 0)
System memory in use before: 73.4 MB.
System memory in use after: 73.6 MB.

Unloading 14 unused Assets to reduce memory usage. Loaded Objects now: 2069.
Total: 4.594700 ms (FindLiveObjects: 0.189600 ms CreateObjectMapping: 0.081600 ms MarkObjects: 4.291200 ms  DeleteObjects: 0.031100 ms)

AssetImportParameters requested are different than current active one (requested -> active):
  custom:framework-win-MediaFoundation: 216162199b28c13a410421893ffa2e32 -> 
  custom:video-decoder-ogg-theora: a1e56fd34408186e4bbccfd4996cb3dc -> 
  custom:container-muxer-webm: aa71ff27fc2769a1b78a27578f13a17b -> 
  custom:container-demuxer-webm: 4f35f7cbe854078d1ac9338744f61a02 -> 
  custom:container-demuxer-ogg: 62fdf1f143b41e24485cea50d1cbac27 -> 
  custom:video-encoder-webm-vp8: eb34c28f22e8b96e1ab97ce403110664 -> 
  custom:video-decoder-webm-vp8: 9c59270c3fd7afecdb556c50c9e8de78 -> 
  custom:audio-decoder-ogg-vorbis: bf7c407c2cedff20999df2af8eb42d56 -> 
  custom:audio-encoder-webm-vorbis: bf7c407c2cedff20999df2af8eb42d56 -> 
