Using pre-set license
Built from '2020.3/staging' branch; Version is '2020.3.32f1 (12f8b0834f07) revision 1243312'; Using compiler version '192528614'; Build Type 'Release'
OS: 'Windows 11  (10.0.22000) 64bit Core' Language: 'en' Physical Memory: 16181 MB
BatchMode: 1, IsHumanControllingUs: 0, StartBugReporterOnCrash: 0, Is64bit: 1, IsPro: 0

COMMAND LINE ARGUMENTS:
C:\Program Files\Unity\Hub\Editor\2020.3.32f1\Editor\Unity.exe
-adb2
-batchMode
-noUpm
-name
AssetImportWorker0
-projectPath
D:/WK/MixTheColors/MixTheColors
-logFile
Logs/AssetImportWorker0.log
-srvPort
53384
Successfully changed project path to: D:/WK/MixTheColors/MixTheColors
D:/WK/MixTheColors/MixTheColors
Using Asset Import Pipeline V2.
Refreshing native plugins compatible for Editor in 73.05 ms, found 2 plugins.
Preloading 0 native plugins for Editor in 0.00 ms.
Initialize engine version: 2020.3.32f1 (12f8b0834f07)
[Subsystems] Discovering subsystems at path C:/Program Files/Unity/Hub/Editor/2020.3.32f1/Editor/Data/Resources/UnitySubsystems
[Subsystems] Discovering subsystems at path D:/WK/MixTheColors/MixTheColors/Assets
GfxDevice: creating device client; threaded=0
Direct3D:
    Version:  Direct3D 11.0 [level 11.1]
    Renderer: Microsoft Basic Render Driver (ID=0x8c)
    Vendor:   
    VRAM:     8090 MB
Initialize mono
Mono path[0] = 'C:/Program Files/Unity/Hub/Editor/2020.3.32f1/Editor/Data/Managed'
Mono path[1] = 'C:/Program Files/Unity/Hub/Editor/2020.3.32f1/Editor/Data/MonoBleedingEdge/lib/mono/unityjit'
Mono config path = 'C:/Program Files/Unity/Hub/Editor/2020.3.32f1/Editor/Data/MonoBleedingEdge/etc'
Using monoOptions --debugger-agent=transport=dt_socket,embedding=1,server=y,suspend=n,address=127.0.0.1:56044
Begin MonoManager ReloadAssembly
Registering precompiled unity dll's ...
Register platform support module: C:/Program Files/Unity/Hub/Editor/2020.3.32f1/Editor/Data/PlaybackEngines/WebGLSupport/UnityEditor.WebGL.Extensions.dll
Register platform support module: C:/Program Files/Unity/Hub/Editor/2020.3.32f1/Editor/Data/PlaybackEngines/WindowsStandaloneSupport/UnityEditor.WindowsStandalone.Extensions.dll
Registered in 0.003023 seconds.
Native extension for WindowsStandalone target not found
Native extension for WebGL target not found
Refreshing native plugins compatible for Editor in 61.24 ms, found 2 plugins.
Preloading 0 native plugins for Editor in 0.00 ms.
Mono: successfully reloaded assembly
- Completed reload, in  1.034 seconds
Domain Reload Profiling:
	ReloadAssembly (1035ms)
		BeginReloadAssembly (103ms)
			ExecutionOrderSort (0ms)
			DisableScriptedObjects (0ms)
			BackupInstance (0ms)
			ReleaseScriptingObjects (0ms)
			CreateAndSetChildDomain (1ms)
		EndReloadAssembly (814ms)
			LoadAssemblies (101ms)
			RebuildTransferFunctionScriptingTraits (0ms)
			SetupTypeCache (259ms)
			ReleaseScriptCaches (0ms)
			RebuildScriptCaches (83ms)
			SetupLoadedEditorAssemblies (299ms)
				LogAssemblyErrors (0ms)
				InitializePlatformSupportModulesInManaged (10ms)
				SetLoadedEditorAssemblies (0ms)
				RefreshPlugins (61ms)
				BeforeProcessingInitializeOnLoad (27ms)
				ProcessInitializeOnLoadAttributes (152ms)
				ProcessInitializeOnLoadMethodAttributes (47ms)
				AfterProcessingInitializeOnLoad (0ms)
				EditorAssembliesLoaded (0ms)
			ExecutionOrderSort2 (0ms)
			AwakeInstancesAfterBackupRestoration (0ms)
Platform modules already initialized, skipping
Registering precompiled user dll's ...
Registered in 0.004288 seconds.
Begin MonoManager ReloadAssembly
Native extension for WindowsStandalone target not found
Native extension for WebGL target not found
Refreshing native plugins compatible for Editor in 0.55 ms, found 2 plugins.
Preloading 0 native plugins for Editor in 0.00 ms.
Mono: successfully reloaded assembly
- Completed reload, in  2.185 seconds
Domain Reload Profiling:
	ReloadAssembly (2186ms)
		BeginReloadAssembly (257ms)
			ExecutionOrderSort (0ms)
			DisableScriptedObjects (9ms)
			BackupInstance (0ms)
			ReleaseScriptingObjects (0ms)
			CreateAndSetChildDomain (30ms)
		EndReloadAssembly (1833ms)
			LoadAssemblies (150ms)
			RebuildTransferFunctionScriptingTraits (0ms)
			SetupTypeCache (878ms)
			ReleaseScriptCaches (1ms)
			RebuildScriptCaches (88ms)
			SetupLoadedEditorAssemblies (568ms)
				LogAssemblyErrors (0ms)
				InitializePlatformSupportModulesInManaged (10ms)
				SetLoadedEditorAssemblies (2ms)
				RefreshPlugins (1ms)
				BeforeProcessingInitializeOnLoad (156ms)
				ProcessInitializeOnLoadAttributes (377ms)
				ProcessInitializeOnLoadMethodAttributes (15ms)
				AfterProcessingInitializeOnLoad (8ms)
				EditorAssembliesLoaded (0ms)
			ExecutionOrderSort2 (0ms)
			AwakeInstancesAfterBackupRestoration (11ms)
Platform modules already initialized, skipping
========================================================================
Worker process is ready to serve import requests
Launched and connected shader compiler UnityShaderCompiler.exe after 0.11 seconds
Refreshing native plugins compatible for Editor in 0.52 ms, found 2 plugins.
Preloading 0 native plugins for Editor in 0.00 ms.
Unloading 1556 Unused Serialized files (Serialized files now loaded: 0)
System memory in use before: 73.4 MB.
System memory in use after: 73.5 MB.

Unloading 19 unused Assets to reduce memory usage. Loaded Objects now: 1996.
Total: 4.404500 ms (FindLiveObjects: 0.186200 ms CreateObjectMapping: 0.075600 ms MarkObjects: 4.037700 ms  DeleteObjects: 0.103900 ms)

AssetImportParameters requested are different than current active one (requested -> active):
  custom:framework-win-MediaFoundation: 216162199b28c13a410421893ffa2e32 -> 
  custom:video-decoder-ogg-theora: a1e56fd34408186e4bbccfd4996cb3dc -> 
  custom:container-muxer-webm: aa71ff27fc2769a1b78a27578f13a17b -> 
  custom:container-demuxer-webm: 4f35f7cbe854078d1ac9338744f61a02 -> 
  custom:container-demuxer-ogg: 62fdf1f143b41e24485cea50d1cbac27 -> 
  custom:video-encoder-webm-vp8: eb34c28f22e8b96e1ab97ce403110664 -> 
  custom:video-decoder-webm-vp8: 9c59270c3fd7afecdb556c50c9e8de78 -> 
  custom:audio-decoder-ogg-vorbis: bf7c407c2cedff20999df2af8eb42d56 -> 
  custom:audio-encoder-webm-vorbis: bf7c407c2cedff20999df2af8eb42d56 -> 
========================================================================
Received Import Request.
  path: Assets
  artifactKey: Guid(00000000000000001000000000000000) Importer(815301076,1909f56bfc062723c751e8b465ee728b)
Start importing Assets using Guid(00000000000000001000000000000000) Importer(815301076,1909f56bfc062723c751e8b465ee728b)  -> (artifact id: '42d402b061de3733987d63b9cc3b64de') in 0.010854 seconds 
========================================================================
Received Import Request.
  Time since last request: 3.213684 seconds.
  path: Assets/Scripts
  artifactKey: Guid(409977a5eb53c5648b45303b58951125) Importer(815301076,1909f56bfc062723c751e8b465ee728b)
Start importing Assets/Scripts using Guid(409977a5eb53c5648b45303b58951125) Importer(815301076,1909f56bfc062723c751e8b465ee728b)  -> (artifact id: '2efc2f7ac80112ec47b40fe15e84bb0c') in 0.022096 seconds 
========================================================================
Received Import Request.
  Time since last request: 39.118028 seconds.
  path: Assets/Scripts/UI
  artifactKey: Guid(a12a6d3c635d0414fb00b8d7ad0d9bea) Importer(815301076,1909f56bfc062723c751e8b465ee728b)
Start importing Assets/Scripts/UI using Guid(a12a6d3c635d0414fb00b8d7ad0d9bea) Importer(815301076,1909f56bfc062723c751e8b465ee728b)  -> (artifact id: '80136ea92dba717434008ad7002d91d7') in 0.026747 seconds 
========================================================================
Received Import Request.
  Time since last request: 109.966240 seconds.
  path: Assets/Plugins
  artifactKey: Guid(42667e8ad1522974a96aabd536cd162b) Importer(815301076,1909f56bfc062723c751e8b465ee728b)
Start importing Assets/Plugins using Guid(42667e8ad1522974a96aabd536cd162b) Importer(815301076,1909f56bfc062723c751e8b465ee728b)  -> (artifact id: '744352a95706b64cbc874b90aa079dd4') in 0.031091 seconds 
========================================================================
Received Import Request.
  Time since last request: 148.184941 seconds.
  path: Assets/UIAssets/AppleIcon.jpg
  artifactKey: Guid(113fc11dd0d63ff4e883a416ce987e1c) Importer(815301076,1909f56bfc062723c751e8b465ee728b)
Start importing Assets/UIAssets/AppleIcon.jpg using Guid(113fc11dd0d63ff4e883a416ce987e1c) Importer(815301076,1909f56bfc062723c751e8b465ee728b)  -> (artifact id: 'b6488a21599fab87d9363b13fe13c5b0') in 0.114375 seconds 
========================================================================
Received Import Request.
  Time since last request: 16.356157 seconds.
  path: Assets/UIAssets/AppleIcon.jpg
  artifactKey: Guid(113fc11dd0d63ff4e883a416ce987e1c) Importer(815301076,1909f56bfc062723c751e8b465ee728b)
Start importing Assets/UIAssets/AppleIcon.jpg using Guid(113fc11dd0d63ff4e883a416ce987e1c) Importer(815301076,1909f56bfc062723c751e8b465ee728b)  -> (artifact id: 'caa8b814dc4071de43b920c7c8ddb4ad') in 0.126397 seconds 
========================================================================
Received Prepare
Registering precompiled user dll's ...
Registered in 0.004265 seconds.
Begin MonoManager ReloadAssembly
Native extension for WindowsStandalone target not found
Native extension for WebGL target not found
Refreshing native plugins compatible for Editor in 0.54 ms, found 2 plugins.
Preloading 0 native plugins for Editor in 0.00 ms.
Mono: successfully reloaded assembly
- Completed reload, in  1.873 seconds
Domain Reload Profiling:
	ReloadAssembly (1874ms)
		BeginReloadAssembly (176ms)
			ExecutionOrderSort (0ms)
			DisableScriptedObjects (8ms)
			BackupInstance (0ms)
			ReleaseScriptingObjects (0ms)
			CreateAndSetChildDomain (52ms)
		EndReloadAssembly (1600ms)
			LoadAssemblies (145ms)
			RebuildTransferFunctionScriptingTraits (0ms)
			SetupTypeCache (527ms)
			ReleaseScriptCaches (1ms)
			RebuildScriptCaches (76ms)
			SetupLoadedEditorAssemblies (680ms)
				LogAssemblyErrors (0ms)
				InitializePlatformSupportModulesInManaged (9ms)
				SetLoadedEditorAssemblies (1ms)
				RefreshPlugins (1ms)
				BeforeProcessingInitializeOnLoad (194ms)
				ProcessInitializeOnLoadAttributes (445ms)
				ProcessInitializeOnLoadMethodAttributes (20ms)
				AfterProcessingInitializeOnLoad (10ms)
				EditorAssembliesLoaded (1ms)
			ExecutionOrderSort2 (0ms)
			AwakeInstancesAfterBackupRestoration (23ms)
Platform modules already initialized, skipping
Refreshing native plugins compatible for Editor in 1.10 ms, found 2 plugins.
Preloading 0 native plugins for Editor in 0.00 ms.
Unloading 1571 Unused Serialized files (Serialized files now loaded: 0)
System memory in use before: 76.1 MB.
System memory in use after: 76.2 MB.

Unloading 14 unused Assets to reduce memory usage. Loaded Objects now: 2040.
Total: 4.263700 ms (FindLiveObjects: 0.202300 ms CreateObjectMapping: 0.083600 ms MarkObjects: 3.940100 ms  DeleteObjects: 0.036400 ms)

AssetImportParameters requested are different than current active one (requested -> active):
  custom:framework-win-MediaFoundation: 216162199b28c13a410421893ffa2e32 -> 
  custom:video-decoder-ogg-theora: a1e56fd34408186e4bbccfd4996cb3dc -> 
  custom:container-muxer-webm: aa71ff27fc2769a1b78a27578f13a17b -> 
  custom:container-demuxer-webm: 4f35f7cbe854078d1ac9338744f61a02 -> 
  custom:container-demuxer-ogg: 62fdf1f143b41e24485cea50d1cbac27 -> 
  custom:video-encoder-webm-vp8: eb34c28f22e8b96e1ab97ce403110664 -> 
  custom:video-decoder-webm-vp8: 9c59270c3fd7afecdb556c50c9e8de78 -> 
  custom:audio-decoder-ogg-vorbis: bf7c407c2cedff20999df2af8eb42d56 -> 
  custom:audio-encoder-webm-vorbis: bf7c407c2cedff20999df2af8eb42d56 -> 
========================================================================
Received Import Request.
  Time since last request: 187.600724 seconds.
  path: Assets/UIAssets/Apple.jpg
  artifactKey: Guid(4ad69f3621c03384fb69466030c4a194) Importer(815301076,1909f56bfc062723c751e8b465ee728b)
Start importing Assets/UIAssets/Apple.jpg using Guid(4ad69f3621c03384fb69466030c4a194) Importer(815301076,1909f56bfc062723c751e8b465ee728b)  -> (artifact id: 'f631786d42993f59a6b80c192638c434') in 0.086380 seconds 
========================================================================
Received Import Request.
  Time since last request: 42.237064 seconds.
  path: Assets/UIAssets/Apple.jpg
  artifactKey: Guid(4ad69f3621c03384fb69466030c4a194) Importer(815301076,1909f56bfc062723c751e8b465ee728b)
Start importing Assets/UIAssets/Apple.jpg using Guid(4ad69f3621c03384fb69466030c4a194) Importer(815301076,1909f56bfc062723c751e8b465ee728b)  -> (artifact id: '5cd50bc3d555a002ace6b76a3a4dfc8d') in 0.024456 seconds 
========================================================================
Received Import Request.
  Time since last request: 12.980514 seconds.
  path: Assets/UIAssets/Apple.jpg
  artifactKey: Guid(4ad69f3621c03384fb69466030c4a194) Importer(815301076,1909f56bfc062723c751e8b465ee728b)
Start importing Assets/UIAssets/Apple.jpg using Guid(4ad69f3621c03384fb69466030c4a194) Importer(815301076,1909f56bfc062723c751e8b465ee728b)  -> (artifact id: 'bcf96dba7e1e9d51efe999aed8249652') in 0.055886 seconds 
========================================================================
Received Import Request.
  Time since last request: 393.767611 seconds.
  path: Assets/Lovepik_com-610179270-Apple lowpoly style free.png
  artifactKey: Guid(0ec0017ee8a17fc4dab98bac8175bf00) Importer(815301076,1909f56bfc062723c751e8b465ee728b)
Start importing Assets/Lovepik_com-610179270-Apple lowpoly style free.png using Guid(0ec0017ee8a17fc4dab98bac8175bf00) Importer(815301076,1909f56bfc062723c751e8b465ee728b)  -> (artifact id: 'ef361e531ea4c3f7191e6a15710f1a05') in 0.090034 seconds 
========================================================================
Received Import Request.
  Time since last request: 4.774542 seconds.
  path: Assets/UIAssets
  artifactKey: Guid(9be4081b9a559b7418fc0bd0e198774a) Importer(815301076,1909f56bfc062723c751e8b465ee728b)
Start importing Assets/UIAssets using Guid(9be4081b9a559b7418fc0bd0e198774a) Importer(815301076,1909f56bfc062723c751e8b465ee728b)  -> (artifact id: '323f39cbe717c1562e9ccb1ebf3ac66e') in 0.028899 seconds 
========================================================================
Received Import Request.
  Time since last request: 39.785142 seconds.
  path: Assets/UIAssets/Lovepik_com-610179270-Apple lowpoly style free.png
  artifactKey: Guid(0ec0017ee8a17fc4dab98bac8175bf00) Importer(815301076,1909f56bfc062723c751e8b465ee728b)
Start importing Assets/UIAssets/Lovepik_com-610179270-Apple lowpoly style free.png using Guid(0ec0017ee8a17fc4dab98bac8175bf00) Importer(815301076,1909f56bfc062723c751e8b465ee728b)  -> (artifact id: '528f03b3b6e25ecdec9e72ed0626d0d5') in 0.090480 seconds 
========================================================================
Received Import Request.
  Time since last request: 17.290245 seconds.
  path: Assets/UIAssets/AppleSprite.png
  artifactKey: Guid(0ec0017ee8a17fc4dab98bac8175bf00) Importer(815301076,1909f56bfc062723c751e8b465ee728b)
Start importing Assets/UIAssets/AppleSprite.png using Guid(0ec0017ee8a17fc4dab98bac8175bf00) Importer(815301076,1909f56bfc062723c751e8b465ee728b)  -> (artifact id: '284f504ee0a8f107b97ab165662eb960') in 0.064538 seconds 
========================================================================
Received Import Request.
  Time since last request: 5.616784 seconds.
  path: Assets/Sprites
  artifactKey: Guid(9be4081b9a559b7418fc0bd0e198774a) Importer(815301076,1909f56bfc062723c751e8b465ee728b)
Start importing Assets/Sprites using Guid(9be4081b9a559b7418fc0bd0e198774a) Importer(815301076,1909f56bfc062723c751e8b465ee728b)  -> (artifact id: '2fb2d341ba05346a01b424b558d57b29') in 0.019159 seconds 
========================================================================
Received Import Request.
  Time since last request: 249.344718 seconds.
  path: Assets/Sprites/kisspng-polygon-low-polygon-vector-painted-green-apple-5aaa57847a1363.4420017315211129645001.png
  artifactKey: Guid(6e3039c9435251346a1967a64393d078) Importer(815301076,1909f56bfc062723c751e8b465ee728b)
Start importing Assets/Sprites/kisspng-polygon-low-polygon-vector-painted-green-apple-5aaa57847a1363.4420017315211129645001.png using Guid(6e3039c9435251346a1967a64393d078) Importer(815301076,1909f56bfc062723c751e8b465ee728b)  -> (artifact id: 'fa9d7c59d30d01a14d375b4fd7a2dc2a') in 0.053575 seconds 
========================================================================
Received Import Request.
  Time since last request: 13.184433 seconds.
  path: Assets/Sprites/kisspng-polygon-low-polygon-vector-painted-green-apple-5aaa57847a1363.4420017315211129645001.png
  artifactKey: Guid(6e3039c9435251346a1967a64393d078) Importer(815301076,1909f56bfc062723c751e8b465ee728b)
Start importing Assets/Sprites/kisspng-polygon-low-polygon-vector-painted-green-apple-5aaa57847a1363.4420017315211129645001.png using Guid(6e3039c9435251346a1967a64393d078) Importer(815301076,1909f56bfc062723c751e8b465ee728b)  -> (artifact id: '1d32972f3c34bef8fbb28f882471e17c') in 0.042638 seconds 
========================================================================
Received Import Request.
  Time since last request: 19.708971 seconds.
  path: Assets/Sprites/AppleSprite.png
  artifactKey: Guid(6e3039c9435251346a1967a64393d078) Importer(815301076,1909f56bfc062723c751e8b465ee728b)
Start importing Assets/Sprites/AppleSprite.png using Guid(6e3039c9435251346a1967a64393d078) Importer(815301076,1909f56bfc062723c751e8b465ee728b)  -> (artifact id: '1d6ceacfcfd66a98203e5eb283964679') in 0.041158 seconds 
========================================================================
Received Import Request.
  Time since last request: 87.644202 seconds.
  path: Assets/Sprites/clipart797933.png
  artifactKey: Guid(f9010045ef2e08d4f8db646941aa8533) Importer(815301076,1909f56bfc062723c751e8b465ee728b)
Start importing Assets/Sprites/clipart797933.png using Guid(f9010045ef2e08d4f8db646941aa8533) Importer(815301076,1909f56bfc062723c751e8b465ee728b)  -> (artifact id: 'f36bf456a9d39a5b22070bdee8073851') in 0.038324 seconds 
========================================================================
Received Import Request.
  Time since last request: 6.858558 seconds.
  path: Assets/Sprites/clipart797933.png
  artifactKey: Guid(f9010045ef2e08d4f8db646941aa8533) Importer(815301076,1909f56bfc062723c751e8b465ee728b)
Start importing Assets/Sprites/clipart797933.png using Guid(f9010045ef2e08d4f8db646941aa8533) Importer(815301076,1909f56bfc062723c751e8b465ee728b)  -> (artifact id: 'ae7eda3236c675028f5764d34af00739') in 0.047566 seconds 
========================================================================
Received Import Request.
  Time since last request: 6.537823 seconds.
  path: Assets/Sprites/Banana.png
  artifactKey: Guid(f9010045ef2e08d4f8db646941aa8533) Importer(815301076,1909f56bfc062723c751e8b465ee728b)
Start importing Assets/Sprites/Banana.png using Guid(f9010045ef2e08d4f8db646941aa8533) Importer(815301076,1909f56bfc062723c751e8b465ee728b)  -> (artifact id: '5fb22fd75c7aea20e75d0fd70ff159b6') in 0.039122 seconds 
========================================================================
Received Import Request.
  Time since last request: 309.813173 seconds.
  path: Assets/Sprites/kisspng-valencia-orange-citrus-sinensis-fruit-shutterst-single-orange-png-transparent-image-png-arts-5b658c4520e3a3.5625607115333817011347.png
  artifactKey: Guid(8bc457ac9aede314da2be8b3c912de9c) Importer(815301076,1909f56bfc062723c751e8b465ee728b)
Start importing Assets/Sprites/kisspng-valencia-orange-citrus-sinensis-fruit-shutterst-single-orange-png-transparent-image-png-arts-5b658c4520e3a3.5625607115333817011347.png using Guid(8bc457ac9aede314da2be8b3c912de9c) Importer(815301076,1909f56bfc062723c751e8b465ee728b)  -> (artifact id: 'ed1809d6ae1f2ded2d336942c41d6f5f') in 0.040632 seconds 
========================================================================
Received Import Request.
  Time since last request: 9.305663 seconds.
  path: Assets/Sprites/kisspng-valencia-orange-citrus-sinensis-fruit-shutterst-single-orange-png-transparent-image-png-arts-5b658c4520e3a3.5625607115333817011347.png
  artifactKey: Guid(8bc457ac9aede314da2be8b3c912de9c) Importer(815301076,1909f56bfc062723c751e8b465ee728b)
Start importing Assets/Sprites/kisspng-valencia-orange-citrus-sinensis-fruit-shutterst-single-orange-png-transparent-image-png-arts-5b658c4520e3a3.5625607115333817011347.png using Guid(8bc457ac9aede314da2be8b3c912de9c) Importer(815301076,1909f56bfc062723c751e8b465ee728b)  -> (artifact id: 'd8309c4ee289908e7e3670ee45dcb0c2') in 0.051951 seconds 
========================================================================
Received Import Request.
  Time since last request: 6.999587 seconds.
  path: Assets/Sprites/Orange.png
  artifactKey: Guid(8bc457ac9aede314da2be8b3c912de9c) Importer(815301076,1909f56bfc062723c751e8b465ee728b)
Start importing Assets/Sprites/Orange.png using Guid(8bc457ac9aede314da2be8b3c912de9c) Importer(815301076,1909f56bfc062723c751e8b465ee728b)  -> (artifact id: '933b0d13b779b2734ea00ae921bc1f9d') in 0.035256 seconds 
========================================================================
Received Import Request.
  Time since last request: 35.730548 seconds.
  path: Assets/Sprites/Orange.png
  artifactKey: Guid(8bc457ac9aede314da2be8b3c912de9c) Importer(815301076,1909f56bfc062723c751e8b465ee728b)
Start importing Assets/Sprites/Orange.png using Guid(8bc457ac9aede314da2be8b3c912de9c) Importer(815301076,1909f56bfc062723c751e8b465ee728b)  -> (artifact id: '12dbcf3a46c808cc30317b603eb93b2a') in 0.027223 seconds 
========================================================================
Received Import Request.
  Time since last request: 699.138748 seconds.
  path: Assets/Sprites/kisspng-valencia-orange-citrus-sinensis-fruit-shutterst-single-orange-png-transparent-image-png-arts-5b658c4520e3a3.5625607115333817011347.png
  artifactKey: Guid(10538629d75345a4c8a3793fe96d3182) Importer(815301076,1909f56bfc062723c751e8b465ee728b)
Start importing Assets/Sprites/kisspng-valencia-orange-citrus-sinensis-fruit-shutterst-single-orange-png-transparent-image-png-arts-5b658c4520e3a3.5625607115333817011347.png using Guid(10538629d75345a4c8a3793fe96d3182) Importer(815301076,1909f56bfc062723c751e8b465ee728b)  -> (artifact id: '9e5382f24dfe6e29662478d2eefe1ce7') in 0.021954 seconds 
========================================================================
Received Import Request.
  Time since last request: 12.717870 seconds.
  path: Assets/Sprites/kisspng-valencia-orange-citrus-sinensis-fruit-shutterst-single-orange-png-transparent-image-png-arts-5b658c4520e3a3.5625607115333817011347.png
  artifactKey: Guid(10538629d75345a4c8a3793fe96d3182) Importer(815301076,1909f56bfc062723c751e8b465ee728b)
Start importing Assets/Sprites/kisspng-valencia-orange-citrus-sinensis-fruit-shutterst-single-orange-png-transparent-image-png-arts-5b658c4520e3a3.5625607115333817011347.png using Guid(10538629d75345a4c8a3793fe96d3182) Importer(815301076,1909f56bfc062723c751e8b465ee728b)  -> (artifact id: '908b622d765fb2da0d518714dfc6ca0f') in 0.034700 seconds 
========================================================================
Received Import Request.
  Time since last request: 23.089313 seconds.
  path: Assets/Sprites/Orange.jpg
  artifactKey: Guid(abfc6d74314db5043ab1084c8f6458a0) Importer(815301076,1909f56bfc062723c751e8b465ee728b)
Start importing Assets/Sprites/Orange.jpg using Guid(abfc6d74314db5043ab1084c8f6458a0) Importer(815301076,1909f56bfc062723c751e8b465ee728b)  -> (artifact id: 'daef69b49335abbbd366fdf87b9660e6') in 0.020956 seconds 
========================================================================
Received Import Request.
  Time since last request: 8.514634 seconds.
  path: Assets/Sprites/Orange.jpg
  artifactKey: Guid(abfc6d74314db5043ab1084c8f6458a0) Importer(815301076,1909f56bfc062723c751e8b465ee728b)
Start importing Assets/Sprites/Orange.jpg using Guid(abfc6d74314db5043ab1084c8f6458a0) Importer(815301076,1909f56bfc062723c751e8b465ee728b)  -> (artifact id: '58ca306bd68cf3ce2f5bf0f92eb519ea') in 0.044601 seconds 
========================================================================
Received Prepare
Registering precompiled user dll's ...
Registered in 0.005804 seconds.
Begin MonoManager ReloadAssembly
Native extension for WindowsStandalone target not found
Native extension for WebGL target not found
Refreshing native plugins compatible for Editor in 0.55 ms, found 2 plugins.
Preloading 0 native plugins for Editor in 0.00 ms.
Mono: successfully reloaded assembly
- Completed reload, in  2.189 seconds
Domain Reload Profiling:
	ReloadAssembly (2190ms)
		BeginReloadAssembly (201ms)
			ExecutionOrderSort (0ms)
			DisableScriptedObjects (9ms)
			BackupInstance (0ms)
			ReleaseScriptingObjects (0ms)
			CreateAndSetChildDomain (59ms)
		EndReloadAssembly (1889ms)
			LoadAssemblies (159ms)
			RebuildTransferFunctionScriptingTraits (0ms)
			SetupTypeCache (628ms)
			ReleaseScriptCaches (1ms)
			RebuildScriptCaches (80ms)
			SetupLoadedEditorAssemblies (805ms)
				LogAssemblyErrors (0ms)
				InitializePlatformSupportModulesInManaged (11ms)
				SetLoadedEditorAssemblies (1ms)
				RefreshPlugins (1ms)
				BeforeProcessingInitializeOnLoad (164ms)
				ProcessInitializeOnLoadAttributes (593ms)
				ProcessInitializeOnLoadMethodAttributes (26ms)
				AfterProcessingInitializeOnLoad (9ms)
				EditorAssembliesLoaded (1ms)
			ExecutionOrderSort2 (0ms)
			AwakeInstancesAfterBackupRestoration (13ms)
Platform modules already initialized, skipping
Refreshing native plugins compatible for Editor in 2.33 ms, found 2 plugins.
Preloading 0 native plugins for Editor in 0.00 ms.
Unloading 1572 Unused Serialized files (Serialized files now loaded: 0)
System memory in use before: 76.2 MB.
System memory in use after: 76.3 MB.

Unloading 14 unused Assets to reduce memory usage. Loaded Objects now: 2054.
Total: 5.761700 ms (FindLiveObjects: 0.174100 ms CreateObjectMapping: 0.092100 ms MarkObjects: 5.461100 ms  DeleteObjects: 0.032700 ms)

AssetImportParameters requested are different than current active one (requested -> active):
  custom:framework-win-MediaFoundation: 216162199b28c13a410421893ffa2e32 -> 
  custom:video-decoder-ogg-theora: a1e56fd34408186e4bbccfd4996cb3dc -> 
  custom:container-muxer-webm: aa71ff27fc2769a1b78a27578f13a17b -> 
  custom:container-demuxer-webm: 4f35f7cbe854078d1ac9338744f61a02 -> 
  custom:container-demuxer-ogg: 62fdf1f143b41e24485cea50d1cbac27 -> 
  custom:video-encoder-webm-vp8: eb34c28f22e8b96e1ab97ce403110664 -> 
  custom:video-decoder-webm-vp8: 9c59270c3fd7afecdb556c50c9e8de78 -> 
  custom:audio-decoder-ogg-vorbis: bf7c407c2cedff20999df2af8eb42d56 -> 
  custom:audio-encoder-webm-vorbis: bf7c407c2cedff20999df2af8eb42d56 -> 
========================================================================
Received Import Request.
  Time since last request: 317.423362 seconds.
  path: Assets/Low Poly Fruits
  artifactKey: Guid(d6cd994dcb5d9274eafbe84b3f3ff699) Importer(815301076,1909f56bfc062723c751e8b465ee728b)
Start importing Assets/Low Poly Fruits using Guid(d6cd994dcb5d9274eafbe84b3f3ff699) Importer(815301076,1909f56bfc062723c751e8b465ee728b)  -> (artifact id: '1310c3f5c440b7261ab33542ffce3cce') in 0.017999 seconds 
========================================================================
Received Import Request.
  Time since last request: 0.631777 seconds.
  path: Assets/Low Poly Fruits/Fruits_FBX.fbx
  artifactKey: Guid(3f4d2118f6a772542a1635ef5bfa6982) Importer(815301076,1909f56bfc062723c751e8b465ee728b)
Start importing Assets/Low Poly Fruits/Fruits_FBX.fbx using Guid(3f4d2118f6a772542a1635ef5bfa6982) Importer(815301076,1909f56bfc062723c751e8b465ee728b)  -> (artifact id: '76517462538e08f2be59b97a23be4cb9') in 0.408620 seconds 
========================================================================
Received Import Request.
  Time since last request: 3.624817 seconds.
  path: Assets/Low Poly Fruits/Materials
  artifactKey: Guid(6f78c213d4e3a254993460c3ca2bf8ce) Importer(815301076,1909f56bfc062723c751e8b465ee728b)
Start importing Assets/Low Poly Fruits/Materials using Guid(6f78c213d4e3a254993460c3ca2bf8ce) Importer(815301076,1909f56bfc062723c751e8b465ee728b)  -> (artifact id: '2c9fa663f304951749b65132ec17e15e') in 0.007318 seconds 
========================================================================
Received Import Request.
  Time since last request: 0.640585 seconds.
  path: Assets/Low Poly Fruits/Materials/Fruits_Texture.png
  artifactKey: Guid(45df95f9f966e52418e878fe07503b07) Importer(815301076,1909f56bfc062723c751e8b465ee728b)
Start importing Assets/Low Poly Fruits/Materials/Fruits_Texture.png using Guid(45df95f9f966e52418e878fe07503b07) Importer(815301076,1909f56bfc062723c751e8b465ee728b)  -> (artifact id: 'bfd9cefcc3e9b2ee688587d0c0c3c44a') in 0.093608 seconds 
========================================================================
Received Import Request.
  Time since last request: 0.000383 seconds.
  path: Assets/Low Poly Fruits/Materials/Material.001.mat
  artifactKey: Guid(2629bdb5f95d3aa4c8ff0bbc8840c7a5) Importer(815301076,1909f56bfc062723c751e8b465ee728b)
Start importing Assets/Low Poly Fruits/Materials/Material.001.mat using Guid(2629bdb5f95d3aa4c8ff0bbc8840c7a5) Importer(815301076,1909f56bfc062723c751e8b465ee728b)  -> (artifact id: 'ba789ae600f7c7938899b53f7bfaf242') in 0.269135 seconds 
========================================================================
Received Import Request.
  Time since last request: 3.039899 seconds.
  path: Assets/Low Poly Fruits/Prefabs
  artifactKey: Guid(2a0a0d1b87e1355408a16a42cc128fb2) Importer(815301076,1909f56bfc062723c751e8b465ee728b)
Start importing Assets/Low Poly Fruits/Prefabs using Guid(2a0a0d1b87e1355408a16a42cc128fb2) Importer(815301076,1909f56bfc062723c751e8b465ee728b)  -> (artifact id: '225768f12e44690c7e6caf7716d62d5d') in 0.015960 seconds 
========================================================================
Received Import Request.
  Time since last request: 0.302776 seconds.
  path: Assets/Low Poly Fruits/Prefabs/apple.prefab
  artifactKey: Guid(426b44a7575f71e479fab4f4e8431989) Importer(815301076,1909f56bfc062723c751e8b465ee728b)
Start importing Assets/Low Poly Fruits/Prefabs/apple.prefab using Guid(426b44a7575f71e479fab4f4e8431989) Importer(815301076,1909f56bfc062723c751e8b465ee728b)  -> (artifact id: 'b6a56c06cc2c857eb594d617282fe6a8') in 0.321325 seconds 
========================================================================
Received Import Request.
  Time since last request: 0.000230 seconds.
  path: Assets/Low Poly Fruits/Prefabs/peanut.prefab
  artifactKey: Guid(8c8c7d8f829a2d24ebe78eddb5eaff57) Importer(815301076,1909f56bfc062723c751e8b465ee728b)
Start importing Assets/Low Poly Fruits/Prefabs/peanut.prefab using Guid(8c8c7d8f829a2d24ebe78eddb5eaff57) Importer(815301076,1909f56bfc062723c751e8b465ee728b)  -> (artifact id: 'a03bd1abc67fa2032d2dd6ef1beb1396') in 0.066942 seconds 
========================================================================
Received Import Request.
  Time since last request: 0.000447 seconds.
  path: Assets/Low Poly Fruits/Prefabs/peach.prefab
  artifactKey: Guid(4fe5a7bcbee1651418ea031a87ff53e4) Importer(815301076,1909f56bfc062723c751e8b465ee728b)
Start importing Assets/Low Poly Fruits/Prefabs/peach.prefab using Guid(4fe5a7bcbee1651418ea031a87ff53e4) Importer(815301076,1909f56bfc062723c751e8b465ee728b)  -> (artifact id: '6bdde7c7b8e2178bf48d00086e887b79') in 0.251079 seconds 
========================================================================
Received Import Request.
  Time since last request: 0.000262 seconds.
  path: Assets/Low Poly Fruits/Prefabs/lemon.prefab
  artifactKey: Guid(031f4f4b1f7d8b7489da0919e18ceac3) Importer(815301076,1909f56bfc062723c751e8b465ee728b)
Start importing Assets/Low Poly Fruits/Prefabs/lemon.prefab using Guid(031f4f4b1f7d8b7489da0919e18ceac3) Importer(815301076,1909f56bfc062723c751e8b465ee728b)  -> (artifact id: '82c282bcf5cce051557e2fbc06c2bb2d') in 0.289737 seconds 
========================================================================
Received Import Request.
  Time since last request: 0.000351 seconds.
  path: Assets/Low Poly Fruits/Prefabs/avocado.prefab
  artifactKey: Guid(2f2e54b9f3898eb46a0b47f9a4d4c52b) Importer(815301076,1909f56bfc062723c751e8b465ee728b)
Start importing Assets/Low Poly Fruits/Prefabs/avocado.prefab using Guid(2f2e54b9f3898eb46a0b47f9a4d4c52b) Importer(815301076,1909f56bfc062723c751e8b465ee728b)  -> (artifact id: 'a7ca8125c70dfa14d4d85ba75dafd3a5') in 0.178374 seconds 
========================================================================
Received Import Request.
  Time since last request: 0.000312 seconds.
  path: Assets/Low Poly Fruits/Prefabs/watermelon.prefab
  artifactKey: Guid(573bb482e4baeec4386587db7cc07515) Importer(815301076,1909f56bfc062723c751e8b465ee728b)
Start importing Assets/Low Poly Fruits/Prefabs/watermelon.prefab using Guid(573bb482e4baeec4386587db7cc07515) Importer(815301076,1909f56bfc062723c751e8b465ee728b)  -> (artifact id: '357a75f7caafafb894dfaa442090fbd4') in 0.098009 seconds 
========================================================================
Received Import Request.
  Time since last request: 0.000295 seconds.
  path: Assets/Low Poly Fruits/Prefabs/strawberry.prefab
  artifactKey: Guid(63e523ab5d9ce7348b431ae1d689a54d) Importer(815301076,1909f56bfc062723c751e8b465ee728b)
Start importing Assets/Low Poly Fruits/Prefabs/strawberry.prefab using Guid(63e523ab5d9ce7348b431ae1d689a54d) Importer(815301076,1909f56bfc062723c751e8b465ee728b)  -> (artifact id: 'f34912725f0dbf6beb52b2b33fb3a74e') in 0.211979 seconds 
========================================================================
Received Import Request.
  Time since last request: 0.000345 seconds.
  path: Assets/Low Poly Fruits/Prefabs/banana.prefab
  artifactKey: Guid(3ce32ffa6ccf60e4ab65d9e396f43433) Importer(815301076,1909f56bfc062723c751e8b465ee728b)
Start importing Assets/Low Poly Fruits/Prefabs/banana.prefab using Guid(3ce32ffa6ccf60e4ab65d9e396f43433) Importer(815301076,1909f56bfc062723c751e8b465ee728b)  -> (artifact id: 'e5753fa908596e6917afee51e7b6c478') in 0.089368 seconds 
========================================================================
Received Import Request.
  Time since last request: 0.004911 seconds.
  path: Assets/Low Poly Fruits/Prefabs/cherries.prefab
  artifactKey: Guid(8f38e57a49b1c844081ad6bb3c553f13) Importer(815301076,1909f56bfc062723c751e8b465ee728b)
Start importing Assets/Low Poly Fruits/Prefabs/cherries.prefab using Guid(8f38e57a49b1c844081ad6bb3c553f13) Importer(815301076,1909f56bfc062723c751e8b465ee728b)  -> (artifact id: 'e74f2f6a535ef05c536745703526dbef') in 0.290518 seconds 
========================================================================
Received Import Request.
  Time since last request: 0.000365 seconds.
  path: Assets/Low Poly Fruits/Prefabs/pear.prefab
  artifactKey: Guid(0f3575c567ebe8241a4a6ad511fd7017) Importer(815301076,1909f56bfc062723c751e8b465ee728b)
Start importing Assets/Low Poly Fruits/Prefabs/pear.prefab using Guid(0f3575c567ebe8241a4a6ad511fd7017) Importer(815301076,1909f56bfc062723c751e8b465ee728b)  -> (artifact id: '8d415538e464b74e9301575b072d2068') in 0.251564 seconds 
========================================================================
Received Import Request.
  Time since last request: 1.221806 seconds.
  path: Assets/Low Poly Fruits/resources
  artifactKey: Guid(f13e810f016aa3e478c2b9d5dc25d3d0) Importer(815301076,1909f56bfc062723c751e8b465ee728b)
Start importing Assets/Low Poly Fruits/resources using Guid(f13e810f016aa3e478c2b9d5dc25d3d0) Importer(815301076,1909f56bfc062723c751e8b465ee728b)  -> (artifact id: '4c565e96b85f3f1a5f4b88ff44491b70') in 0.013412 seconds 
========================================================================
Received Import Request.
  Time since last request: 0.579400 seconds.
  path: Assets/Low Poly Fruits/resources/Gradient.psd
  artifactKey: Guid(94fb1b1dc007ef84bb148bf51d4edef7) Importer(815301076,1909f56bfc062723c751e8b465ee728b)
Start importing Assets/Low Poly Fruits/resources/Gradient.psd using Guid(94fb1b1dc007ef84bb148bf51d4edef7) Importer(815301076,1909f56bfc062723c751e8b465ee728b)  -> (artifact id: '004c1c17ff8aecaddbb5853d95f4ba9a') in 0.062006 seconds 
========================================================================
Received Import Request.
  Time since last request: 0.000296 seconds.
  path: Assets/Low Poly Fruits/resources/Low Poly Fruits Logo.psd
  artifactKey: Guid(a7dd774fbdca87d48a37218778589c48) Importer(815301076,1909f56bfc062723c751e8b465ee728b)
Start importing Assets/Low Poly Fruits/resources/Low Poly Fruits Logo.psd using Guid(a7dd774fbdca87d48a37218778589c48) Importer(815301076,1909f56bfc062723c751e8b465ee728b)  -> (artifact id: '4a464687264a3f28e05a3e59e90aa419') in 0.023754 seconds 
========================================================================
Received Import Request.
  Time since last request: 384.349295 seconds.
  path: Assets/Sprites/Orange_ccexpress.png
  artifactKey: Guid(a3846b8f54d87f04cbc23b9361c23bf1) Importer(815301076,1909f56bfc062723c751e8b465ee728b)
Start importing Assets/Sprites/Orange_ccexpress.png using Guid(a3846b8f54d87f04cbc23b9361c23bf1) Importer(815301076,1909f56bfc062723c751e8b465ee728b)  -> (artifact id: '516e9e65911925f901ca06a1c08480e4') in 0.038060 seconds 
========================================================================
Received Import Request.
  Time since last request: 11.947105 seconds.
  path: Assets/Sprites/Orange_ccexpress.png
  artifactKey: Guid(a3846b8f54d87f04cbc23b9361c23bf1) Importer(815301076,1909f56bfc062723c751e8b465ee728b)
Start importing Assets/Sprites/Orange_ccexpress.png using Guid(a3846b8f54d87f04cbc23b9361c23bf1) Importer(815301076,1909f56bfc062723c751e8b465ee728b)  -> (artifact id: 'ec55d57b31942929964d009988d6f7d9') in 0.034701 seconds 
========================================================================
Received Import Request.
  Time since last request: 12.657065 seconds.
  path: Assets/Sprites/OrangeSprite.png
  artifactKey: Guid(a3846b8f54d87f04cbc23b9361c23bf1) Importer(815301076,1909f56bfc062723c751e8b465ee728b)
Start importing Assets/Sprites/OrangeSprite.png using Guid(a3846b8f54d87f04cbc23b9361c23bf1) Importer(815301076,1909f56bfc062723c751e8b465ee728b)  -> (artifact id: '3f9007fea3dfcc2634159725395e23d8') in 0.031686 seconds 
========================================================================
Received Import Request.
  Time since last request: 5.725758 seconds.
  path: Assets/Sprites/BananaSprite.png
  artifactKey: Guid(f9010045ef2e08d4f8db646941aa8533) Importer(815301076,1909f56bfc062723c751e8b465ee728b)
Start importing Assets/Sprites/BananaSprite.png using Guid(f9010045ef2e08d4f8db646941aa8533) Importer(815301076,1909f56bfc062723c751e8b465ee728b)  -> (artifact id: '1ad2c1983366d1c8335a0cda6ac58dce') in 0.037704 seconds 
========================================================================
Received Import Request.
  Time since last request: 201.517120 seconds.
  path: Assets/Sprites/Chery_ccexpress.png
  artifactKey: Guid(d9a0dc6bb313cbb48923826fb4df1449) Importer(815301076,1909f56bfc062723c751e8b465ee728b)
Start importing Assets/Sprites/Chery_ccexpress.png using Guid(d9a0dc6bb313cbb48923826fb4df1449) Importer(815301076,1909f56bfc062723c751e8b465ee728b)  -> (artifact id: 'd3b2ea0f2354b57dd93f0b8578a86599') in 0.016234 seconds 
========================================================================
Received Import Request.
  Time since last request: 7.592735 seconds.
  path: Assets/Sprites/CherySprite.png
  artifactKey: Guid(d9a0dc6bb313cbb48923826fb4df1449) Importer(815301076,1909f56bfc062723c751e8b465ee728b)
Start importing Assets/Sprites/CherySprite.png using Guid(d9a0dc6bb313cbb48923826fb4df1449) Importer(815301076,1909f56bfc062723c751e8b465ee728b)  -> (artifact id: 'd975a17d22b38ba1fd9f36c8632e105a') in 0.021978 seconds 
========================================================================
Received Import Request.
  Time since last request: 7.445911 seconds.
  path: Assets/Sprites/CherySprite.png
  artifactKey: Guid(d9a0dc6bb313cbb48923826fb4df1449) Importer(815301076,1909f56bfc062723c751e8b465ee728b)
Start importing Assets/Sprites/CherySprite.png using Guid(d9a0dc6bb313cbb48923826fb4df1449) Importer(815301076,1909f56bfc062723c751e8b465ee728b)  -> (artifact id: 'ef1f604cec16cafc74bab541067d7c45') in 0.029927 seconds 
========================================================================
Received Import Request.
  Time since last request: 79.121272 seconds.
  path: Assets/Sprites/Tomato_ccexpress.png
  artifactKey: Guid(06cdbfaf0aa0f6642ab2c032892e2a18) Importer(815301076,1909f56bfc062723c751e8b465ee728b)
Start importing Assets/Sprites/Tomato_ccexpress.png using Guid(06cdbfaf0aa0f6642ab2c032892e2a18) Importer(815301076,1909f56bfc062723c751e8b465ee728b)  -> (artifact id: '8fe23396441906b99fcfe794ec61df4f') in 0.019774 seconds 
========================================================================
Received Import Request.
  Time since last request: 7.324671 seconds.
  path: Assets/Sprites/Tomato_ccexpress.png
  artifactKey: Guid(06cdbfaf0aa0f6642ab2c032892e2a18) Importer(815301076,1909f56bfc062723c751e8b465ee728b)
Start importing Assets/Sprites/Tomato_ccexpress.png using Guid(06cdbfaf0aa0f6642ab2c032892e2a18) Importer(815301076,1909f56bfc062723c751e8b465ee728b)  -> (artifact id: 'ecfe4eaefd6231a97d6fd355e771e132') in 0.052134 seconds 
========================================================================
Received Import Request.
  Time since last request: 16.474400 seconds.
  path: Assets/Sprites/Tomato_ccexpress.png
  artifactKey: Guid(06cdbfaf0aa0f6642ab2c032892e2a18) Importer(815301076,1909f56bfc062723c751e8b465ee728b)
Start importing Assets/Sprites/Tomato_ccexpress.png using Guid(06cdbfaf0aa0f6642ab2c032892e2a18) Importer(815301076,1909f56bfc062723c751e8b465ee728b)  -> (artifact id: '45e9ed96dc98cbf75bd077638486fed8') in 0.030618 seconds 
========================================================================
Received Import Request.
  Time since last request: 9.504037 seconds.
  path: Assets/Sprites/Tomato_ccexpress.png
  artifactKey: Guid(06cdbfaf0aa0f6642ab2c032892e2a18) Importer(815301076,1909f56bfc062723c751e8b465ee728b)
Start importing Assets/Sprites/Tomato_ccexpress.png using Guid(06cdbfaf0aa0f6642ab2c032892e2a18) Importer(815301076,1909f56bfc062723c751e8b465ee728b)  -> (artifact id: 'b72c0a57bb4540541440266f90b07f20') in 0.032673 seconds 
========================================================================
Received Import Request.
  Time since last request: 67.998858 seconds.
  path: Assets/Sprites/Tomato_ccexpress.png
  artifactKey: Guid(06cdbfaf0aa0f6642ab2c032892e2a18) Importer(815301076,1909f56bfc062723c751e8b465ee728b)
Start importing Assets/Sprites/Tomato_ccexpress.png using Guid(06cdbfaf0aa0f6642ab2c032892e2a18) Importer(815301076,1909f56bfc062723c751e8b465ee728b)  -> (artifact id: 'aaf294dadcd44cdb07f6ced53fec6dd2') in 0.035541 seconds 
========================================================================
Received Import Request.
  Time since last request: 103.357556 seconds.
  path: Assets/Sprites/Tomato_ccexpress.png
  artifactKey: Guid(06cdbfaf0aa0f6642ab2c032892e2a18) Importer(815301076,1909f56bfc062723c751e8b465ee728b)
Start importing Assets/Sprites/Tomato_ccexpress.png using Guid(06cdbfaf0aa0f6642ab2c032892e2a18) Importer(815301076,1909f56bfc062723c751e8b465ee728b)  -> (artifact id: '6ac8853320e4b74bb2b4c51f8e0c0bcf') in 0.034216 seconds 
========================================================================
Received Import Request.
  Time since last request: 11.932712 seconds.
  path: Assets/Sprites/Tomato_ccexpress.png
  artifactKey: Guid(06cdbfaf0aa0f6642ab2c032892e2a18) Importer(815301076,1909f56bfc062723c751e8b465ee728b)
Start importing Assets/Sprites/Tomato_ccexpress.png using Guid(06cdbfaf0aa0f6642ab2c032892e2a18) Importer(815301076,1909f56bfc062723c751e8b465ee728b)  -> (artifact id: '63be4d7bb995477e066f88119771d6d0') in 0.016245 seconds 
========================================================================
Received Import Request.
  Time since last request: 12.838062 seconds.
  path: Assets/Sprites/Tomato_ccexpress.png
  artifactKey: Guid(06cdbfaf0aa0f6642ab2c032892e2a18) Importer(815301076,1909f56bfc062723c751e8b465ee728b)
Start importing Assets/Sprites/Tomato_ccexpress.png using Guid(06cdbfaf0aa0f6642ab2c032892e2a18) Importer(815301076,1909f56bfc062723c751e8b465ee728b)  -> (artifact id: 'ad580ce76cfb5298e3a77a84269dc345') in 0.031270 seconds 
========================================================================
Received Import Request.
  Time since last request: 84.833555 seconds.
  path: Assets/Sprites/onion_ccexpress.png
  artifactKey: Guid(c0ebece67f26d924e8b54035014cb858) Importer(815301076,1909f56bfc062723c751e8b465ee728b)
Start importing Assets/Sprites/onion_ccexpress.png using Guid(c0ebece67f26d924e8b54035014cb858) Importer(815301076,1909f56bfc062723c751e8b465ee728b)  -> (artifact id: 'a34a279f4fa8e06707a414e2b9399655') in 0.018480 seconds 
========================================================================
Received Import Request.
  Time since last request: 14.493654 seconds.
  path: Assets/Sprites/TomatoSprite.png
  artifactKey: Guid(06cdbfaf0aa0f6642ab2c032892e2a18) Importer(815301076,1909f56bfc062723c751e8b465ee728b)
Start importing Assets/Sprites/TomatoSprite.png using Guid(06cdbfaf0aa0f6642ab2c032892e2a18) Importer(815301076,1909f56bfc062723c751e8b465ee728b)  -> (artifact id: 'a9ab1d8acb6ac85e82429af6b0178231') in 0.034779 seconds 
========================================================================
Received Import Request.
  Time since last request: 27.504737 seconds.
  path: Assets/Sprites/onion_ccexpress.png
  artifactKey: Guid(c0ebece67f26d924e8b54035014cb858) Importer(815301076,1909f56bfc062723c751e8b465ee728b)
Start importing Assets/Sprites/onion_ccexpress.png using Guid(c0ebece67f26d924e8b54035014cb858) Importer(815301076,1909f56bfc062723c751e8b465ee728b)  -> (artifact id: '2f52414e2b9886909e0fc71404144280') in 0.015439 seconds 
========================================================================
Received Import Request.
  Time since last request: 5.856252 seconds.
  path: Assets/Sprites/onion_ccexpress.png
  artifactKey: Guid(c0ebece67f26d924e8b54035014cb858) Importer(815301076,1909f56bfc062723c751e8b465ee728b)
Start importing Assets/Sprites/onion_ccexpress.png using Guid(c0ebece67f26d924e8b54035014cb858) Importer(815301076,1909f56bfc062723c751e8b465ee728b)  -> (artifact id: 'ae9b3513a701a1ed64b8dbdc7c5f2720') in 0.040079 seconds 
========================================================================
Received Import Request.
  Time since last request: 117.345419 seconds.
  path: Assets/Sprites/Eggplant.jpg
  artifactKey: Guid(33086e08c455f8b4990654ea99de84a2) Importer(815301076,1909f56bfc062723c751e8b465ee728b)
Start importing Assets/Sprites/Eggplant.jpg using Guid(33086e08c455f8b4990654ea99de84a2) Importer(815301076,1909f56bfc062723c751e8b465ee728b)  -> (artifact id: '592547729a7e2cbebdddb6aca05d978a') in 0.040481 seconds 
========================================================================
Received Import Request.
  Time since last request: 28.760345 seconds.
  path: Assets/Sprites/Eggplant.jpg
  artifactKey: Guid(33086e08c455f8b4990654ea99de84a2) Importer(815301076,1909f56bfc062723c751e8b465ee728b)
Start importing Assets/Sprites/Eggplant.jpg using Guid(33086e08c455f8b4990654ea99de84a2) Importer(815301076,1909f56bfc062723c751e8b465ee728b)  -> (artifact id: '03f61026c10d3af4ce71c49961416c61') in 0.028323 seconds 
========================================================================
Received Import Request.
  Time since last request: 16.198095 seconds.
  path: Assets/Sprites/Eggplant_ccexpress.png
  artifactKey: Guid(ac7e585f2da5bf54cb3dbdb8fcb04f77) Importer(815301076,1909f56bfc062723c751e8b465ee728b)
Start importing Assets/Sprites/Eggplant_ccexpress.png using Guid(ac7e585f2da5bf54cb3dbdb8fcb04f77) Importer(815301076,1909f56bfc062723c751e8b465ee728b)  -> (artifact id: 'f1588c07f61025a97d46c7fa000327bc') in 0.023908 seconds 
========================================================================
Received Import Request.
  Time since last request: 16.573347 seconds.
  path: Assets/Sprites/Eggplant_ccexpress.png
  artifactKey: Guid(ac7e585f2da5bf54cb3dbdb8fcb04f77) Importer(815301076,1909f56bfc062723c751e8b465ee728b)
Start importing Assets/Sprites/Eggplant_ccexpress.png using Guid(ac7e585f2da5bf54cb3dbdb8fcb04f77) Importer(815301076,1909f56bfc062723c751e8b465ee728b)  -> (artifact id: '3f5093062ddda7a7eed00d4a56d64171') in 0.030457 seconds 
========================================================================
Received Import Request.
  Time since last request: 86.452696 seconds.
  path: Assets/Scripts/MixerSystem
  artifactKey: Guid(c21693784a2d2e142b2977f7a490b592) Importer(815301076,1909f56bfc062723c751e8b465ee728b)
Start importing Assets/Scripts/MixerSystem using Guid(c21693784a2d2e142b2977f7a490b592) Importer(815301076,1909f56bfc062723c751e8b465ee728b)  -> (artifact id: '12ad8b781f3babd9de08338cb109e790') in 0.013002 seconds 
========================================================================
Received Import Request.
  Time since last request: 15.195518 seconds.
  path: Assets/Scripts/MixerSystem/AddTheIngredients.cs
  artifactKey: Guid(5d5bc8c2a4a3aff42adf08eee1f3a3d1) Importer(815301076,1909f56bfc062723c751e8b465ee728b)
Start importing Assets/Scripts/MixerSystem/AddTheIngredients.cs using Guid(5d5bc8c2a4a3aff42adf08eee1f3a3d1) Importer(815301076,1909f56bfc062723c751e8b465ee728b)  -> (artifact id: 'd1bd4b6c5a1f2277170f92b6bfd1b0b3') in 0.022356 seconds 
========================================================================
Received Prepare
Registering precompiled user dll's ...
Registered in 0.005798 seconds.
Begin MonoManager ReloadAssembly
Native extension for WindowsStandalone target not found
Native extension for WebGL target not found
Refreshing native plugins compatible for Editor in 0.57 ms, found 2 plugins.
Preloading 0 native plugins for Editor in 0.00 ms.
Mono: successfully reloaded assembly
- Completed reload, in  2.230 seconds
Domain Reload Profiling:
	ReloadAssembly (2231ms)
		BeginReloadAssembly (228ms)
			ExecutionOrderSort (0ms)
			DisableScriptedObjects (9ms)
			BackupInstance (0ms)
			ReleaseScriptingObjects (0ms)
			CreateAndSetChildDomain (76ms)
		EndReloadAssembly (1794ms)
			LoadAssemblies (257ms)
			RebuildTransferFunctionScriptingTraits (0ms)
			SetupTypeCache (774ms)
			ReleaseScriptCaches (1ms)
			RebuildScriptCaches (78ms)
			SetupLoadedEditorAssemblies (548ms)
				LogAssemblyErrors (0ms)
				InitializePlatformSupportModulesInManaged (10ms)
				SetLoadedEditorAssemblies (1ms)
				RefreshPlugins (1ms)
				BeforeProcessingInitializeOnLoad (132ms)
				ProcessInitializeOnLoadAttributes (378ms)
				ProcessInitializeOnLoadMethodAttributes (16ms)
				AfterProcessingInitializeOnLoad (9ms)
				EditorAssembliesLoaded (1ms)
			ExecutionOrderSort2 (0ms)
			AwakeInstancesAfterBackupRestoration (13ms)
Platform modules already initialized, skipping
Refreshing native plugins compatible for Editor in 0.56 ms, found 2 plugins.
Preloading 0 native plugins for Editor in 0.00 ms.
Unloading 1573 Unused Serialized files (Serialized files now loaded: 0)
System memory in use before: 76.7 MB.
System memory in use after: 76.8 MB.

Unloading 14 unused Assets to reduce memory usage. Loaded Objects now: 2108.
Total: 4.235700 ms (FindLiveObjects: 0.215200 ms CreateObjectMapping: 0.090200 ms MarkObjects: 3.895200 ms  DeleteObjects: 0.033600 ms)

AssetImportParameters requested are different than current active one (requested -> active):
  custom:framework-win-MediaFoundation: 216162199b28c13a410421893ffa2e32 -> 
  custom:video-decoder-ogg-theora: a1e56fd34408186e4bbccfd4996cb3dc -> 
  custom:container-muxer-webm: aa71ff27fc2769a1b78a27578f13a17b -> 
  custom:container-demuxer-webm: 4f35f7cbe854078d1ac9338744f61a02 -> 
  custom:container-demuxer-ogg: 62fdf1f143b41e24485cea50d1cbac27 -> 
  custom:video-encoder-webm-vp8: eb34c28f22e8b96e1ab97ce403110664 -> 
  custom:video-decoder-webm-vp8: 9c59270c3fd7afecdb556c50c9e8de78 -> 
  custom:audio-decoder-ogg-vorbis: bf7c407c2cedff20999df2af8eb42d56 -> 
  custom:audio-encoder-webm-vorbis: bf7c407c2cedff20999df2af8eb42d56 -> 
========================================================================
Received Import Request.
  Time since last request: 139.402530 seconds.
  path: Assets/Scripts/MixerSystem/AddTheIngredients.cs
  artifactKey: Guid(5d5bc8c2a4a3aff42adf08eee1f3a3d1) Importer(815301076,1909f56bfc062723c751e8b465ee728b)
Start importing Assets/Scripts/MixerSystem/AddTheIngredients.cs using Guid(5d5bc8c2a4a3aff42adf08eee1f3a3d1) Importer(815301076,1909f56bfc062723c751e8b465ee728b)  -> (artifact id: 'cd3db4794527d1ddf3dac09672f6648a') in 0.010024 seconds 
========================================================================
Received Import Request.
  Time since last request: 28.620339 seconds.
  path: Assets/Scripts/MixerSystem/AddTheIngredients.cs
  artifactKey: Guid(5d5bc8c2a4a3aff42adf08eee1f3a3d1) Importer(815301076,1909f56bfc062723c751e8b465ee728b)
Start importing Assets/Scripts/MixerSystem/AddTheIngredients.cs using Guid(5d5bc8c2a4a3aff42adf08eee1f3a3d1) Importer(815301076,1909f56bfc062723c751e8b465ee728b)  -> (artifact id: '3002892e9581bbdf659925b434a051fd') in 0.004279 seconds 
========================================================================
Received Import Request.
  Time since last request: 7.022292 seconds.
  path: Assets/Scripts/MixerSystem/AddTheIngredients.cs
  artifactKey: Guid(5d5bc8c2a4a3aff42adf08eee1f3a3d1) Importer(815301076,1909f56bfc062723c751e8b465ee728b)
Start importing Assets/Scripts/MixerSystem/AddTheIngredients.cs using Guid(5d5bc8c2a4a3aff42adf08eee1f3a3d1) Importer(815301076,1909f56bfc062723c751e8b465ee728b)  -> (artifact id: '6b787e6bc7ab84298543e00b43334317') in 0.004192 seconds 
========================================================================
Received Prepare
Registering precompiled user dll's ...
Registered in 0.004047 seconds.
Begin MonoManager ReloadAssembly
Native extension for WindowsStandalone target not found
Native extension for WebGL target not found
Refreshing native plugins compatible for Editor in 0.59 ms, found 2 plugins.
Preloading 0 native plugins for Editor in 0.00 ms.
Mono: successfully reloaded assembly
- Completed reload, in  2.284 seconds
Domain Reload Profiling:
	ReloadAssembly (2285ms)
		BeginReloadAssembly (177ms)
			ExecutionOrderSort (0ms)
			DisableScriptedObjects (9ms)
			BackupInstance (0ms)
			ReleaseScriptingObjects (0ms)
			CreateAndSetChildDomain (55ms)
		EndReloadAssembly (1977ms)
			LoadAssemblies (183ms)
			RebuildTransferFunctionScriptingTraits (0ms)
			SetupTypeCache (740ms)
			ReleaseScriptCaches (1ms)
			RebuildScriptCaches (150ms)
			SetupLoadedEditorAssemblies (527ms)
				LogAssemblyErrors (0ms)
				InitializePlatformSupportModulesInManaged (10ms)
				SetLoadedEditorAssemblies (1ms)
				RefreshPlugins (1ms)
				BeforeProcessingInitializeOnLoad (127ms)
				ProcessInitializeOnLoadAttributes (365ms)
				ProcessInitializeOnLoadMethodAttributes (15ms)
				AfterProcessingInitializeOnLoad (9ms)
				EditorAssembliesLoaded (1ms)
			ExecutionOrderSort2 (0ms)
			AwakeInstancesAfterBackupRestoration (15ms)
Platform modules already initialized, skipping
Refreshing native plugins compatible for Editor in 0.54 ms, found 2 plugins.
Preloading 0 native plugins for Editor in 0.00 ms.
Unloading 1573 Unused Serialized files (Serialized files now loaded: 0)
System memory in use before: 76.7 MB.
System memory in use after: 76.8 MB.

Unloading 14 unused Assets to reduce memory usage. Loaded Objects now: 2111.
Total: 3.895600 ms (FindLiveObjects: 0.177800 ms CreateObjectMapping: 0.074700 ms MarkObjects: 3.614400 ms  DeleteObjects: 0.027600 ms)

AssetImportParameters requested are different than current active one (requested -> active):
  custom:framework-win-MediaFoundation: 216162199b28c13a410421893ffa2e32 -> 
  custom:video-decoder-ogg-theora: a1e56fd34408186e4bbccfd4996cb3dc -> 
  custom:container-muxer-webm: aa71ff27fc2769a1b78a27578f13a17b -> 
  custom:container-demuxer-webm: 4f35f7cbe854078d1ac9338744f61a02 -> 
  custom:container-demuxer-ogg: 62fdf1f143b41e24485cea50d1cbac27 -> 
  custom:video-encoder-webm-vp8: eb34c28f22e8b96e1ab97ce403110664 -> 
  custom:video-decoder-webm-vp8: 9c59270c3fd7afecdb556c50c9e8de78 -> 
  custom:audio-decoder-ogg-vorbis: bf7c407c2cedff20999df2af8eb42d56 -> 
  custom:audio-encoder-webm-vorbis: bf7c407c2cedff20999df2af8eb42d56 -> 
========================================================================
Received Import Request.
  Time since last request: 36.573827 seconds.
  path: Assets/Scripts/MixerSystem/AddTheIngredients.cs
  artifactKey: Guid(5d5bc8c2a4a3aff42adf08eee1f3a3d1) Importer(815301076,1909f56bfc062723c751e8b465ee728b)
Start importing Assets/Scripts/MixerSystem/AddTheIngredients.cs using Guid(5d5bc8c2a4a3aff42adf08eee1f3a3d1) Importer(815301076,1909f56bfc062723c751e8b465ee728b)  -> (artifact id: 'f25660c5276a07e56f99b9206a8209ad') in 0.007305 seconds 
========================================================================
Received Import Request.
  Time since last request: 4.183473 seconds.
  path: Assets/Scripts/MixerSystem/AddTheIngredients.cs
  artifactKey: Guid(5d5bc8c2a4a3aff42adf08eee1f3a3d1) Importer(815301076,1909f56bfc062723c751e8b465ee728b)
Start importing Assets/Scripts/MixerSystem/AddTheIngredients.cs using Guid(5d5bc8c2a4a3aff42adf08eee1f3a3d1) Importer(815301076,1909f56bfc062723c751e8b465ee728b)  -> (artifact id: '863546b516386a3454adafeea09cd7bb') in 0.002473 seconds 
========================================================================
Received Prepare
Registering precompiled user dll's ...
Registered in 0.004089 seconds.
Begin MonoManager ReloadAssembly
Native extension for WindowsStandalone target not found
Native extension for WebGL target not found
Refreshing native plugins compatible for Editor in 0.55 ms, found 2 plugins.
Preloading 0 native plugins for Editor in 0.00 ms.
Mono: successfully reloaded assembly
- Completed reload, in  2.262 seconds
Domain Reload Profiling:
	ReloadAssembly (2262ms)
		BeginReloadAssembly (250ms)
			ExecutionOrderSort (0ms)
			DisableScriptedObjects (10ms)
			BackupInstance (0ms)
			ReleaseScriptingObjects (0ms)
			CreateAndSetChildDomain (68ms)
		EndReloadAssembly (1883ms)
			LoadAssemblies (434ms)
			RebuildTransferFunctionScriptingTraits (0ms)
			SetupTypeCache (729ms)
			ReleaseScriptCaches (1ms)
			RebuildScriptCaches (83ms)
			SetupLoadedEditorAssemblies (510ms)
				LogAssemblyErrors (0ms)
				InitializePlatformSupportModulesInManaged (10ms)
				SetLoadedEditorAssemblies (2ms)
				RefreshPlugins (1ms)
				BeforeProcessingInitializeOnLoad (128ms)
				ProcessInitializeOnLoadAttributes (347ms)
				ProcessInitializeOnLoadMethodAttributes (14ms)
				AfterProcessingInitializeOnLoad (8ms)
				EditorAssembliesLoaded (1ms)
			ExecutionOrderSort2 (0ms)
			AwakeInstancesAfterBackupRestoration (11ms)
Platform modules already initialized, skipping
Refreshing native plugins compatible for Editor in 0.55 ms, found 2 plugins.
Preloading 0 native plugins for Editor in 0.00 ms.
Unloading 1573 Unused Serialized files (Serialized files now loaded: 0)
System memory in use before: 76.7 MB.
System memory in use after: 76.9 MB.

Unloading 14 unused Assets to reduce memory usage. Loaded Objects now: 2114.
Total: 4.475500 ms (FindLiveObjects: 0.196600 ms CreateObjectMapping: 0.074800 ms MarkObjects: 4.174600 ms  DeleteObjects: 0.028400 ms)

AssetImportParameters requested are different than current active one (requested -> active):
  custom:framework-win-MediaFoundation: 216162199b28c13a410421893ffa2e32 -> 
  custom:video-decoder-ogg-theora: a1e56fd34408186e4bbccfd4996cb3dc -> 
  custom:container-muxer-webm: aa71ff27fc2769a1b78a27578f13a17b -> 
  custom:container-demuxer-webm: 4f35f7cbe854078d1ac9338744f61a02 -> 
  custom:container-demuxer-ogg: 62fdf1f143b41e24485cea50d1cbac27 -> 
  custom:video-encoder-webm-vp8: eb34c28f22e8b96e1ab97ce403110664 -> 
  custom:video-decoder-webm-vp8: 9c59270c3fd7afecdb556c50c9e8de78 -> 
  custom:audio-decoder-ogg-vorbis: bf7c407c2cedff20999df2af8eb42d56 -> 
  custom:audio-encoder-webm-vorbis: bf7c407c2cedff20999df2af8eb42d56 -> 
========================================================================
Received Prepare
Registering precompiled user dll's ...
Registered in 0.004163 seconds.
Begin MonoManager ReloadAssembly
Native extension for WindowsStandalone target not found
Native extension for WebGL target not found
Refreshing native plugins compatible for Editor in 0.55 ms, found 2 plugins.
Preloading 0 native plugins for Editor in 0.00 ms.
Mono: successfully reloaded assembly
- Completed reload, in  2.321 seconds
Domain Reload Profiling:
	ReloadAssembly (2322ms)
		BeginReloadAssembly (187ms)
			ExecutionOrderSort (0ms)
			DisableScriptedObjects (11ms)
			BackupInstance (0ms)
			ReleaseScriptingObjects (0ms)
			CreateAndSetChildDomain (54ms)
		EndReloadAssembly (2032ms)
			LoadAssemblies (225ms)
			RebuildTransferFunctionScriptingTraits (0ms)
			SetupTypeCache (682ms)
			ReleaseScriptCaches (1ms)
			RebuildScriptCaches (299ms)
			SetupLoadedEditorAssemblies (516ms)
				LogAssemblyErrors (0ms)
				InitializePlatformSupportModulesInManaged (10ms)
				SetLoadedEditorAssemblies (2ms)
				RefreshPlugins (1ms)
				BeforeProcessingInitializeOnLoad (130ms)
				ProcessInitializeOnLoadAttributes (350ms)
				ProcessInitializeOnLoadMethodAttributes (14ms)
				AfterProcessingInitializeOnLoad (8ms)
				EditorAssembliesLoaded (0ms)
			ExecutionOrderSort2 (0ms)
			AwakeInstancesAfterBackupRestoration (11ms)
Platform modules already initialized, skipping
Refreshing native plugins compatible for Editor in 0.55 ms, found 2 plugins.
Preloading 0 native plugins for Editor in 0.00 ms.
Unloading 1573 Unused Serialized files (Serialized files now loaded: 0)
System memory in use before: 76.8 MB.
System memory in use after: 76.9 MB.

Unloading 14 unused Assets to reduce memory usage. Loaded Objects now: 2117.
Total: 3.927400 ms (FindLiveObjects: 0.186500 ms CreateObjectMapping: 0.079500 ms MarkObjects: 3.633300 ms  DeleteObjects: 0.026900 ms)

AssetImportParameters requested are different than current active one (requested -> active):
  custom:framework-win-MediaFoundation: 216162199b28c13a410421893ffa2e32 -> 
  custom:video-decoder-ogg-theora: a1e56fd34408186e4bbccfd4996cb3dc -> 
  custom:container-muxer-webm: aa71ff27fc2769a1b78a27578f13a17b -> 
  custom:container-demuxer-webm: 4f35f7cbe854078d1ac9338744f61a02 -> 
  custom:container-demuxer-ogg: 62fdf1f143b41e24485cea50d1cbac27 -> 
  custom:video-encoder-webm-vp8: eb34c28f22e8b96e1ab97ce403110664 -> 
  custom:video-decoder-webm-vp8: 9c59270c3fd7afecdb556c50c9e8de78 -> 
  custom:audio-decoder-ogg-vorbis: bf7c407c2cedff20999df2af8eb42d56 -> 
  custom:audio-encoder-webm-vorbis: bf7c407c2cedff20999df2af8eb42d56 -> 
========================================================================
Received Import Request.
  Time since last request: 16.452638 seconds.
  path: Assets/Scripts/MixerSystem/AddTheIngredients.cs
  artifactKey: Guid(5d5bc8c2a4a3aff42adf08eee1f3a3d1) Importer(815301076,1909f56bfc062723c751e8b465ee728b)
Start importing Assets/Scripts/MixerSystem/AddTheIngredients.cs using Guid(5d5bc8c2a4a3aff42adf08eee1f3a3d1) Importer(815301076,1909f56bfc062723c751e8b465ee728b)  -> (artifact id: '80c1a5f850393bcc5777369cf200383c') in 0.005109 seconds 
========================================================================
Received Import Request.
  Time since last request: 651.187417 seconds.
  path: Assets/Scripts/MixerSystem/IngredientsDataBase.cs
  artifactKey: Guid(ab498cead62a03d4db8c3b40a830a346) Importer(815301076,1909f56bfc062723c751e8b465ee728b)
Start importing Assets/Scripts/MixerSystem/IngredientsDataBase.cs using Guid(ab498cead62a03d4db8c3b40a830a346) Importer(815301076,1909f56bfc062723c751e8b465ee728b)  -> (artifact id: '039c5d8152dd58b3e4523dee89edfb63') in 1.617730 seconds 
========================================================================
Received Prepare
Registering precompiled user dll's ...
Registered in 0.004278 seconds.
Begin MonoManager ReloadAssembly
Native extension for WindowsStandalone target not found
Native extension for WebGL target not found
Refreshing native plugins compatible for Editor in 0.97 ms, found 2 plugins.
Preloading 0 native plugins for Editor in 0.00 ms.
Mono: successfully reloaded assembly
- Completed reload, in  2.025 seconds
Domain Reload Profiling:
	ReloadAssembly (2026ms)
		BeginReloadAssembly (184ms)
			ExecutionOrderSort (0ms)
			DisableScriptedObjects (8ms)
			BackupInstance (0ms)
			ReleaseScriptingObjects (0ms)
			CreateAndSetChildDomain (53ms)
		EndReloadAssembly (1739ms)
			LoadAssemblies (181ms)
			RebuildTransferFunctionScriptingTraits (0ms)
			SetupTypeCache (566ms)
			ReleaseScriptCaches (1ms)
			RebuildScriptCaches (80ms)
			SetupLoadedEditorAssemblies (730ms)
				LogAssemblyErrors (0ms)
				InitializePlatformSupportModulesInManaged (14ms)
				SetLoadedEditorAssemblies (1ms)
				RefreshPlugins (1ms)
				BeforeProcessingInitializeOnLoad (148ms)
				ProcessInitializeOnLoadAttributes (537ms)
				ProcessInitializeOnLoadMethodAttributes (21ms)
				AfterProcessingInitializeOnLoad (8ms)
				EditorAssembliesLoaded (1ms)
			ExecutionOrderSort2 (0ms)
			AwakeInstancesAfterBackupRestoration (12ms)
Platform modules already initialized, skipping
Refreshing native plugins compatible for Editor in 0.59 ms, found 2 plugins.
Preloading 0 native plugins for Editor in 0.00 ms.
Unloading 1574 Unused Serialized files (Serialized files now loaded: 0)
System memory in use before: 76.8 MB.
System memory in use after: 76.9 MB.

Unloading 14 unused Assets to reduce memory usage. Loaded Objects now: 2121.
Total: 4.026200 ms (FindLiveObjects: 0.190000 ms CreateObjectMapping: 0.096000 ms MarkObjects: 3.705000 ms  DeleteObjects: 0.033900 ms)

AssetImportParameters requested are different than current active one (requested -> active):
  custom:framework-win-MediaFoundation: 216162199b28c13a410421893ffa2e32 -> 
  custom:video-decoder-ogg-theora: a1e56fd34408186e4bbccfd4996cb3dc -> 
  custom:container-muxer-webm: aa71ff27fc2769a1b78a27578f13a17b -> 
  custom:container-demuxer-webm: 4f35f7cbe854078d1ac9338744f61a02 -> 
  custom:container-demuxer-ogg: 62fdf1f143b41e24485cea50d1cbac27 -> 
  custom:video-encoder-webm-vp8: eb34c28f22e8b96e1ab97ce403110664 -> 
  custom:video-decoder-webm-vp8: 9c59270c3fd7afecdb556c50c9e8de78 -> 
  custom:audio-decoder-ogg-vorbis: bf7c407c2cedff20999df2af8eb42d56 -> 
  custom:audio-encoder-webm-vorbis: bf7c407c2cedff20999df2af8eb42d56 -> 
========================================================================
Received Import Request.
  Time since last request: 373.129815 seconds.
  path: Assets/Scripts/MixerSystem/IngredientsDataBase.cs
  artifactKey: Guid(ab498cead62a03d4db8c3b40a830a346) Importer(815301076,1909f56bfc062723c751e8b465ee728b)
Start importing Assets/Scripts/MixerSystem/IngredientsDataBase.cs using Guid(ab498cead62a03d4db8c3b40a830a346) Importer(815301076,1909f56bfc062723c751e8b465ee728b)  -> (artifact id: 'bf1c67414e700c6985174dfc624bfd7d') in 0.009236 seconds 
========================================================================
Received Prepare
Registering precompiled user dll's ...
Registered in 0.004165 seconds.
Begin MonoManager ReloadAssembly
Native extension for WindowsStandalone target not found
Native extension for WebGL target not found
Refreshing native plugins compatible for Editor in 0.55 ms, found 2 plugins.
Preloading 0 native plugins for Editor in 0.00 ms.
Mono: successfully reloaded assembly
- Completed reload, in  2.140 seconds
Domain Reload Profiling:
	ReloadAssembly (2140ms)
		BeginReloadAssembly (276ms)
			ExecutionOrderSort (0ms)
			DisableScriptedObjects (9ms)
			BackupInstance (0ms)
			ReleaseScriptingObjects (0ms)
			CreateAndSetChildDomain (65ms)
		EndReloadAssembly (1718ms)
			LoadAssemblies (295ms)
			RebuildTransferFunctionScriptingTraits (0ms)
			SetupTypeCache (709ms)
			ReleaseScriptCaches (1ms)
			RebuildScriptCaches (79ms)
			SetupLoadedEditorAssemblies (559ms)
				LogAssemblyErrors (0ms)
				InitializePlatformSupportModulesInManaged (10ms)
				SetLoadedEditorAssemblies (2ms)
				RefreshPlugins (1ms)
				BeforeProcessingInitializeOnLoad (165ms)
				ProcessInitializeOnLoadAttributes (359ms)
				ProcessInitializeOnLoadMethodAttributes (15ms)
				AfterProcessingInitializeOnLoad (9ms)
				EditorAssembliesLoaded (0ms)
			ExecutionOrderSort2 (0ms)
			AwakeInstancesAfterBackupRestoration (13ms)
Platform modules already initialized, skipping
Refreshing native plugins compatible for Editor in 0.62 ms, found 2 plugins.
Preloading 0 native plugins for Editor in 0.00 ms.
Unloading 1574 Unused Serialized files (Serialized files now loaded: 0)
System memory in use before: 76.8 MB.
System memory in use after: 76.9 MB.

Unloading 14 unused Assets to reduce memory usage. Loaded Objects now: 2124.
Total: 4.855200 ms (FindLiveObjects: 0.188400 ms CreateObjectMapping: 0.096800 ms MarkObjects: 4.508900 ms  DeleteObjects: 0.059200 ms)

AssetImportParameters requested are different than current active one (requested -> active):
  custom:framework-win-MediaFoundation: 216162199b28c13a410421893ffa2e32 -> 
  custom:video-decoder-ogg-theora: a1e56fd34408186e4bbccfd4996cb3dc -> 
  custom:container-muxer-webm: aa71ff27fc2769a1b78a27578f13a17b -> 
  custom:container-demuxer-webm: 4f35f7cbe854078d1ac9338744f61a02 -> 
  custom:container-demuxer-ogg: 62fdf1f143b41e24485cea50d1cbac27 -> 
  custom:video-encoder-webm-vp8: eb34c28f22e8b96e1ab97ce403110664 -> 
  custom:video-decoder-webm-vp8: 9c59270c3fd7afecdb556c50c9e8de78 -> 
  custom:audio-decoder-ogg-vorbis: bf7c407c2cedff20999df2af8eb42d56 -> 
  custom:audio-encoder-webm-vorbis: bf7c407c2cedff20999df2af8eb42d56 -> 
========================================================================
Received Import Request.
  Time since last request: 25.519934 seconds.
  path: Assets/Scripts/MixerSystem/IngredientsDataBase.cs
  artifactKey: Guid(ab498cead62a03d4db8c3b40a830a346) Importer(815301076,1909f56bfc062723c751e8b465ee728b)
Start importing Assets/Scripts/MixerSystem/IngredientsDataBase.cs using Guid(ab498cead62a03d4db8c3b40a830a346) Importer(815301076,1909f56bfc062723c751e8b465ee728b)  -> (artifact id: '6c7b85297fe8e16b862c1c6b50937344') in 0.006659 seconds 
========================================================================
Received Prepare
Registering precompiled user dll's ...
Registered in 0.004172 seconds.
Begin MonoManager ReloadAssembly
Native extension for WindowsStandalone target not found
Native extension for WebGL target not found
Refreshing native plugins compatible for Editor in 0.63 ms, found 2 plugins.
Preloading 0 native plugins for Editor in 0.00 ms.
Mono: successfully reloaded assembly
- Completed reload, in  2.039 seconds
Domain Reload Profiling:
	ReloadAssembly (2040ms)
		BeginReloadAssembly (193ms)
			ExecutionOrderSort (0ms)
			DisableScriptedObjects (8ms)
			BackupInstance (0ms)
			ReleaseScriptingObjects (0ms)
			CreateAndSetChildDomain (55ms)
		EndReloadAssembly (1738ms)
			LoadAssemblies (200ms)
			RebuildTransferFunctionScriptingTraits (0ms)
			SetupTypeCache (661ms)
			ReleaseScriptCaches (1ms)
			RebuildScriptCaches (77ms)
			SetupLoadedEditorAssemblies (635ms)
				LogAssemblyErrors (0ms)
				InitializePlatformSupportModulesInManaged (10ms)
				SetLoadedEditorAssemblies (1ms)
				RefreshPlugins (1ms)
				BeforeProcessingInitializeOnLoad (140ms)
				ProcessInitializeOnLoadAttributes (446ms)
				ProcessInitializeOnLoadMethodAttributes (24ms)
				AfterProcessingInitializeOnLoad (13ms)
				EditorAssembliesLoaded (1ms)
			ExecutionOrderSort2 (0ms)
			AwakeInstancesAfterBackupRestoration (13ms)
Platform modules already initialized, skipping
Refreshing native plugins compatible for Editor in 0.63 ms, found 2 plugins.
Preloading 0 native plugins for Editor in 0.00 ms.
Unloading 1574 Unused Serialized files (Serialized files now loaded: 0)
System memory in use before: 76.8 MB.
System memory in use after: 76.9 MB.

Unloading 14 unused Assets to reduce memory usage. Loaded Objects now: 2127.
Total: 6.051100 ms (FindLiveObjects: 0.187000 ms CreateObjectMapping: 0.088200 ms MarkObjects: 5.730200 ms  DeleteObjects: 0.044100 ms)

AssetImportParameters requested are different than current active one (requested -> active):
  custom:framework-win-MediaFoundation: 216162199b28c13a410421893ffa2e32 -> 
  custom:video-decoder-ogg-theora: a1e56fd34408186e4bbccfd4996cb3dc -> 
  custom:container-muxer-webm: aa71ff27fc2769a1b78a27578f13a17b -> 
  custom:container-demuxer-webm: 4f35f7cbe854078d1ac9338744f61a02 -> 
  custom:container-demuxer-ogg: 62fdf1f143b41e24485cea50d1cbac27 -> 
  custom:video-encoder-webm-vp8: eb34c28f22e8b96e1ab97ce403110664 -> 
  custom:video-decoder-webm-vp8: 9c59270c3fd7afecdb556c50c9e8de78 -> 
  custom:audio-decoder-ogg-vorbis: bf7c407c2cedff20999df2af8eb42d56 -> 
  custom:audio-encoder-webm-vorbis: bf7c407c2cedff20999df2af8eb42d56 -> 
========================================================================
Received Prepare
Registering precompiled user dll's ...
Registered in 0.005989 seconds.
Begin MonoManager ReloadAssembly
Native extension for WindowsStandalone target not found
Native extension for WebGL target not found
Refreshing native plugins compatible for Editor in 1.20 ms, found 2 plugins.
Preloading 0 native plugins for Editor in 0.00 ms.
Mono: successfully reloaded assembly
- Completed reload, in  2.108 seconds
Domain Reload Profiling:
	ReloadAssembly (2109ms)
		BeginReloadAssembly (201ms)
			ExecutionOrderSort (0ms)
			DisableScriptedObjects (8ms)
			BackupInstance (0ms)
			ReleaseScriptingObjects (0ms)
			CreateAndSetChildDomain (49ms)
		EndReloadAssembly (1800ms)
			LoadAssemblies (192ms)
			RebuildTransferFunctionScriptingTraits (0ms)
			SetupTypeCache (570ms)
			ReleaseScriptCaches (1ms)
			RebuildScriptCaches (89ms)
			SetupLoadedEditorAssemblies (700ms)
				LogAssemblyErrors (0ms)
				InitializePlatformSupportModulesInManaged (26ms)
				SetLoadedEditorAssemblies (3ms)
				RefreshPlugins (1ms)
				BeforeProcessingInitializeOnLoad (183ms)
				ProcessInitializeOnLoadAttributes (460ms)
				ProcessInitializeOnLoadMethodAttributes (16ms)
				AfterProcessingInitializeOnLoad (10ms)
				EditorAssembliesLoaded (1ms)
			ExecutionOrderSort2 (0ms)
			AwakeInstancesAfterBackupRestoration (13ms)
Platform modules already initialized, skipping
Refreshing native plugins compatible for Editor in 0.54 ms, found 2 plugins.
Preloading 0 native plugins for Editor in 0.00 ms.
Unloading 1574 Unused Serialized files (Serialized files now loaded: 0)
System memory in use before: 76.8 MB.
System memory in use after: 76.9 MB.

Unloading 14 unused Assets to reduce memory usage. Loaded Objects now: 2130.
Total: 3.948500 ms (FindLiveObjects: 0.183400 ms CreateObjectMapping: 0.087000 ms MarkObjects: 3.648000 ms  DeleteObjects: 0.029000 ms)

AssetImportParameters requested are different than current active one (requested -> active):
  custom:framework-win-MediaFoundation: 216162199b28c13a410421893ffa2e32 -> 
  custom:video-decoder-ogg-theora: a1e56fd34408186e4bbccfd4996cb3dc -> 
  custom:container-muxer-webm: aa71ff27fc2769a1b78a27578f13a17b -> 
  custom:container-demuxer-webm: 4f35f7cbe854078d1ac9338744f61a02 -> 
  custom:container-demuxer-ogg: 62fdf1f143b41e24485cea50d1cbac27 -> 
  custom:video-encoder-webm-vp8: eb34c28f22e8b96e1ab97ce403110664 -> 
  custom:video-decoder-webm-vp8: 9c59270c3fd7afecdb556c50c9e8de78 -> 
  custom:audio-decoder-ogg-vorbis: bf7c407c2cedff20999df2af8eb42d56 -> 
  custom:audio-encoder-webm-vorbis: bf7c407c2cedff20999df2af8eb42d56 -> 
========================================================================
Received Import Request.
  Time since last request: 141.250936 seconds.
  path: Assets/Scripts/MixerSystem/IngredientsDataBase.cs
  artifactKey: Guid(ab498cead62a03d4db8c3b40a830a346) Importer(815301076,1909f56bfc062723c751e8b465ee728b)
Start importing Assets/Scripts/MixerSystem/IngredientsDataBase.cs using Guid(ab498cead62a03d4db8c3b40a830a346) Importer(815301076,1909f56bfc062723c751e8b465ee728b)  -> (artifact id: '0609079b4bcfdf1ffbf029061fb4a694') in 0.010554 seconds 
========================================================================
Received Prepare
Registering precompiled user dll's ...
Registered in 0.004075 seconds.
Begin MonoManager ReloadAssembly
Native extension for WindowsStandalone target not found
Native extension for WebGL target not found
Refreshing native plugins compatible for Editor in 0.61 ms, found 2 plugins.
Preloading 0 native plugins for Editor in 0.00 ms.
Mono: successfully reloaded assembly
- Completed reload, in  1.773 seconds
Domain Reload Profiling:
	ReloadAssembly (1774ms)
		BeginReloadAssembly (180ms)
			ExecutionOrderSort (0ms)
			DisableScriptedObjects (8ms)
			BackupInstance (0ms)
			ReleaseScriptingObjects (0ms)
			CreateAndSetChildDomain (47ms)
		EndReloadAssembly (1476ms)
			LoadAssemblies (169ms)
			RebuildTransferFunctionScriptingTraits (0ms)
			SetupTypeCache (514ms)
			ReleaseScriptCaches (1ms)
			RebuildScriptCaches (78ms)
			SetupLoadedEditorAssemblies (538ms)
				LogAssemblyErrors (0ms)
				InitializePlatformSupportModulesInManaged (10ms)
				SetLoadedEditorAssemblies (1ms)
				RefreshPlugins (1ms)
				BeforeProcessingInitializeOnLoad (140ms)
				ProcessInitializeOnLoadAttributes (363ms)
				ProcessInitializeOnLoadMethodAttributes (14ms)
				AfterProcessingInitializeOnLoad (8ms)
				EditorAssembliesLoaded (1ms)
			ExecutionOrderSort2 (0ms)
			AwakeInstancesAfterBackupRestoration (14ms)
Platform modules already initialized, skipping
Refreshing native plugins compatible for Editor in 0.56 ms, found 2 plugins.
Preloading 0 native plugins for Editor in 0.00 ms.
Unloading 1574 Unused Serialized files (Serialized files now loaded: 0)
System memory in use before: 76.8 MB.
System memory in use after: 76.9 MB.

Unloading 14 unused Assets to reduce memory usage. Loaded Objects now: 2133.
Total: 4.349900 ms (FindLiveObjects: 0.188600 ms CreateObjectMapping: 0.080300 ms MarkObjects: 4.048500 ms  DeleteObjects: 0.031300 ms)

AssetImportParameters requested are different than current active one (requested -> active):
  custom:framework-win-MediaFoundation: 216162199b28c13a410421893ffa2e32 -> 
  custom:video-decoder-ogg-theora: a1e56fd34408186e4bbccfd4996cb3dc -> 
  custom:container-muxer-webm: aa71ff27fc2769a1b78a27578f13a17b -> 
  custom:container-demuxer-webm: 4f35f7cbe854078d1ac9338744f61a02 -> 
  custom:container-demuxer-ogg: 62fdf1f143b41e24485cea50d1cbac27 -> 
  custom:video-encoder-webm-vp8: eb34c28f22e8b96e1ab97ce403110664 -> 
  custom:video-decoder-webm-vp8: 9c59270c3fd7afecdb556c50c9e8de78 -> 
  custom:audio-decoder-ogg-vorbis: bf7c407c2cedff20999df2af8eb42d56 -> 
  custom:audio-encoder-webm-vorbis: bf7c407c2cedff20999df2af8eb42d56 -> 
========================================================================
Received Import Request.
  Time since last request: 91.010630 seconds.
  path: Assets/Sprites/EggplantSprite.png
  artifactKey: Guid(ac7e585f2da5bf54cb3dbdb8fcb04f77) Importer(815301076,1909f56bfc062723c751e8b465ee728b)
Start importing Assets/Sprites/EggplantSprite.png using Guid(ac7e585f2da5bf54cb3dbdb8fcb04f77) Importer(815301076,1909f56bfc062723c751e8b465ee728b)  -> (artifact id: '99b72b7aad7bc71dd6d523910c2530d6') in 0.102959 seconds 
========================================================================
Received Import Request.
  Time since last request: 6.905899 seconds.
  path: Assets/Sprites/OnionSprite.png
  artifactKey: Guid(c0ebece67f26d924e8b54035014cb858) Importer(815301076,1909f56bfc062723c751e8b465ee728b)
Start importing Assets/Sprites/OnionSprite.png using Guid(c0ebece67f26d924e8b54035014cb858) Importer(815301076,1909f56bfc062723c751e8b465ee728b)  -> (artifact id: '2e291cb7b2b2c105f24caff37b6a7087') in 0.034848 seconds 
========================================================================
Received Prepare
Registering precompiled user dll's ...
Registered in 0.004101 seconds.
Begin MonoManager ReloadAssembly
Native extension for WindowsStandalone target not found
Native extension for WebGL target not found
Refreshing native plugins compatible for Editor in 0.64 ms, found 2 plugins.
Preloading 0 native plugins for Editor in 0.00 ms.
Mono: successfully reloaded assembly
- Completed reload, in  2.014 seconds
Domain Reload Profiling:
	ReloadAssembly (2015ms)
		BeginReloadAssembly (205ms)
			ExecutionOrderSort (0ms)
			DisableScriptedObjects (9ms)
			BackupInstance (0ms)
			ReleaseScriptingObjects (0ms)
			CreateAndSetChildDomain (53ms)
		EndReloadAssembly (1703ms)
			LoadAssemblies (189ms)
			RebuildTransferFunctionScriptingTraits (0ms)
			SetupTypeCache (614ms)
			ReleaseScriptCaches (1ms)
			RebuildScriptCaches (77ms)
			SetupLoadedEditorAssemblies (622ms)
				LogAssemblyErrors (0ms)
				InitializePlatformSupportModulesInManaged (10ms)
				SetLoadedEditorAssemblies (1ms)
				RefreshPlugins (1ms)
				BeforeProcessingInitializeOnLoad (133ms)
				ProcessInitializeOnLoadAttributes (454ms)
				ProcessInitializeOnLoadMethodAttributes (14ms)
				AfterProcessingInitializeOnLoad (8ms)
				EditorAssembliesLoaded (0ms)
			ExecutionOrderSort2 (0ms)
			AwakeInstancesAfterBackupRestoration (12ms)
Platform modules already initialized, skipping
Refreshing native plugins compatible for Editor in 0.55 ms, found 2 plugins.
Preloading 0 native plugins for Editor in 0.00 ms.
Unloading 1573 Unused Serialized files (Serialized files now loaded: 0)
System memory in use before: 76.8 MB.
System memory in use after: 76.9 MB.

Unloading 15 unused Assets to reduce memory usage. Loaded Objects now: 2136.
Total: 4.155600 ms (FindLiveObjects: 0.201900 ms CreateObjectMapping: 0.078600 ms MarkObjects: 3.842600 ms  DeleteObjects: 0.031500 ms)

AssetImportParameters requested are different than current active one (requested -> active):
  custom:framework-win-MediaFoundation: 216162199b28c13a410421893ffa2e32 -> 
  custom:video-decoder-ogg-theora: a1e56fd34408186e4bbccfd4996cb3dc -> 
  custom:container-muxer-webm: aa71ff27fc2769a1b78a27578f13a17b -> 
  custom:container-demuxer-webm: 4f35f7cbe854078d1ac9338744f61a02 -> 
  custom:container-demuxer-ogg: 62fdf1f143b41e24485cea50d1cbac27 -> 
  custom:video-encoder-webm-vp8: eb34c28f22e8b96e1ab97ce403110664 -> 
  custom:video-decoder-webm-vp8: 9c59270c3fd7afecdb556c50c9e8de78 -> 
  custom:audio-decoder-ogg-vorbis: bf7c407c2cedff20999df2af8eb42d56 -> 
  custom:audio-encoder-webm-vorbis: bf7c407c2cedff20999df2af8eb42d56 -> 
========================================================================
Received Prepare
Registering precompiled user dll's ...
Registered in 0.004286 seconds.
Begin MonoManager ReloadAssembly
Native extension for WindowsStandalone target not found
Native extension for WebGL target not found
Refreshing native plugins compatible for Editor in 0.56 ms, found 2 plugins.
Preloading 0 native plugins for Editor in 0.00 ms.
Mono: successfully reloaded assembly
- Completed reload, in  1.808 seconds
Domain Reload Profiling:
	ReloadAssembly (1809ms)
		BeginReloadAssembly (183ms)
			ExecutionOrderSort (0ms)
			DisableScriptedObjects (8ms)
			BackupInstance (0ms)
			ReleaseScriptingObjects (0ms)
			CreateAndSetChildDomain (47ms)
		EndReloadAssembly (1483ms)
			LoadAssemblies (157ms)
			RebuildTransferFunctionScriptingTraits (0ms)
			SetupTypeCache (504ms)
			ReleaseScriptCaches (1ms)
			RebuildScriptCaches (78ms)
			SetupLoadedEditorAssemblies (535ms)
				LogAssemblyErrors (0ms)
				InitializePlatformSupportModulesInManaged (13ms)
				SetLoadedEditorAssemblies (1ms)
				RefreshPlugins (1ms)
				BeforeProcessingInitializeOnLoad (129ms)
				ProcessInitializeOnLoadAttributes (368ms)
				ProcessInitializeOnLoadMethodAttributes (15ms)
				AfterProcessingInitializeOnLoad (8ms)
				EditorAssembliesLoaded (1ms)
			ExecutionOrderSort2 (0ms)
			AwakeInstancesAfterBackupRestoration (12ms)
Platform modules already initialized, skipping
Refreshing native plugins compatible for Editor in 0.54 ms, found 2 plugins.
Preloading 0 native plugins for Editor in 0.00 ms.
Unloading 1573 Unused Serialized files (Serialized files now loaded: 0)
System memory in use before: 76.8 MB.
System memory in use after: 76.9 MB.

Unloading 14 unused Assets to reduce memory usage. Loaded Objects now: 2139.
Total: 4.306500 ms (FindLiveObjects: 0.177700 ms CreateObjectMapping: 0.076700 ms MarkObjects: 4.021700 ms  DeleteObjects: 0.029300 ms)

AssetImportParameters requested are different than current active one (requested -> active):
  custom:framework-win-MediaFoundation: 216162199b28c13a410421893ffa2e32 -> 
  custom:video-decoder-ogg-theora: a1e56fd34408186e4bbccfd4996cb3dc -> 
  custom:container-muxer-webm: aa71ff27fc2769a1b78a27578f13a17b -> 
  custom:container-demuxer-webm: 4f35f7cbe854078d1ac9338744f61a02 -> 
  custom:container-demuxer-ogg: 62fdf1f143b41e24485cea50d1cbac27 -> 
  custom:video-encoder-webm-vp8: eb34c28f22e8b96e1ab97ce403110664 -> 
  custom:video-decoder-webm-vp8: 9c59270c3fd7afecdb556c50c9e8de78 -> 
  custom:audio-decoder-ogg-vorbis: bf7c407c2cedff20999df2af8eb42d56 -> 
  custom:audio-encoder-webm-vorbis: bf7c407c2cedff20999df2af8eb42d56 -> 
========================================================================
Received Import Request.
  Time since last request: 126.543741 seconds.
  path: Assets/Plugins/TextMesh Pro/Examples & Extras/Resources/Sprite Assets/DropCap Numbers.asset
  artifactKey: Guid(14aa93acbb234d16aaef0e8b46814db6) Importer(815301076,1909f56bfc062723c751e8b465ee728b)
Start importing Assets/Plugins/TextMesh Pro/Examples & Extras/Resources/Sprite Assets/DropCap Numbers.asset using Guid(14aa93acbb234d16aaef0e8b46814db6) Importer(815301076,1909f56bfc062723c751e8b465ee728b)  -> (artifact id: '1b25dfe261c8529ae5b51f846fbdbf2b') in 0.092013 seconds 
========================================================================
Received Import Request.
  Time since last request: 0.000322 seconds.
  path: Assets/Plugins/TextMesh Pro/Examples & Extras/Sprites/DropCap Numbers.psd
  artifactKey: Guid(fd09957580ac4326916010f1f260975b) Importer(815301076,1909f56bfc062723c751e8b465ee728b)
Start importing Assets/Plugins/TextMesh Pro/Examples & Extras/Sprites/DropCap Numbers.psd using Guid(fd09957580ac4326916010f1f260975b) Importer(815301076,1909f56bfc062723c751e8b465ee728b)  -> (artifact id: 'c2c765973889385d49ff9595a230a8f3') in 0.123637 seconds 
========================================================================
Received Import Request.
  Time since last request: 94.875017 seconds.
  path: Assets/Plugins/TextMesh Pro/Examples & Extras/Resources/Color Gradient Presets/Yellow to Orange - Vertical.asset
  artifactKey: Guid(69a525efa7e6472eab268f6ea605f06e) Importer(815301076,1909f56bfc062723c751e8b465ee728b)
Start importing Assets/Plugins/TextMesh Pro/Examples & Extras/Resources/Color Gradient Presets/Yellow to Orange - Vertical.asset using Guid(69a525efa7e6472eab268f6ea605f06e) Importer(815301076,1909f56bfc062723c751e8b465ee728b)  -> (artifact id: '521829439ef95fa9357ca2729caaeb76') in 0.022662 seconds 
========================================================================
Received Import Request.
  Time since last request: 8.248938 seconds.
  path: Assets/Plugins/TextMesh Pro/Examples & Extras/Fonts/Electronic Highway Sign.TTF
  artifactKey: Guid(8a2b9e2a607dd2143b58c44bc32410b4) Importer(815301076,1909f56bfc062723c751e8b465ee728b)
Start importing Assets/Plugins/TextMesh Pro/Examples & Extras/Fonts/Electronic Highway Sign.TTF using Guid(8a2b9e2a607dd2143b58c44bc32410b4) Importer(815301076,1909f56bfc062723c751e8b465ee728b)  -> (artifact id: 'e9ac7beed70274322407e6f2201347ab') in 0.122557 seconds 
========================================================================
Received Import Request.
  Time since last request: 0.000342 seconds.
  path: Assets/Plugins/TextMesh Pro/Examples & Extras/Resources/Fonts & Materials/Electronic Highway Sign SDF.asset
  artifactKey: Guid(dc36b3fdc14f47ebb36fd484a67e268a) Importer(815301076,1909f56bfc062723c751e8b465ee728b)
Start importing Assets/Plugins/TextMesh Pro/Examples & Extras/Resources/Fonts & Materials/Electronic Highway Sign SDF.asset using Guid(dc36b3fdc14f47ebb36fd484a67e268a) Importer(815301076,1909f56bfc062723c751e8b465ee728b)  -> (artifact id: 'b19d755672235db089ec8b66d1f70029') in 0.136713 seconds 
========================================================================
Received Import Request.
  Time since last request: 98.144025 seconds.
  path: Assets/Sprites/CucumberSprite.png
  artifactKey: Guid(c0ebece67f26d924e8b54035014cb858) Importer(815301076,1909f56bfc062723c751e8b465ee728b)
Start importing Assets/Sprites/CucumberSprite.png using Guid(c0ebece67f26d924e8b54035014cb858) Importer(815301076,1909f56bfc062723c751e8b465ee728b)  -> (artifact id: '05b628bff4f27fda2a8631a552c16a05') in 0.058222 seconds 
AssetImportWorkerClient::OnTransportError - code=2 error=End of file
